<?xml version="1.0" encoding="UTF-8"?>
<beans xmlns="http://www.springframework.org/schema/beans"
	xmlns:xsi="http://www.w3.org/2001/XMLSchema-instance"
	xsi:schemaLocation="http://www.springframework.org/schema/beans http://www.springframework.org/schema/beans/spring-beans.xsd">

	<bean id="ms"
		class="org.springframework.context.support.ReloadableResourceBundleMessageSource">
		<property name="basenames">
			<list>
				<value>classpath:com/pearlox/app_settings</value>
			</list>
		</property>
		<property name="defaultEncoding" value="UTF-8" />
	</bean>

	<bean id="applicationSettings"
		class="com.pearlox.framework.settings.impl.MessageSourceSettingsImpl">
		<property name="messageSource" ref="ms" />
	</bean>
	
	<bean id="userWebService" class="com.siliconarabia.okarabiacomments.ws.user.impl.UserWebServiceImpl" />
	
</beans>