<?xml version="1.0" encoding="UTF-8" ?>
<testsuite failures="0" time="3.471" errors="0" skipped="0" tests="3" name="com.siliconarabia.okarabiacomments.comment.test.commentWebServiceTest">
  <properties>
    <property name="java.runtime.name" value="Java(TM) SE Runtime Environment"/>
    <property name="sun.boot.library.path" value="/usr/lib/jvm/jdk1.6.0_21/jre/lib/i386"/>
    <property name="java.vm.version" value="17.0-b16"/>
    <property name="java.vm.vendor" value="Sun Microsystems Inc."/>
    <property name="java.vendor.url" value="http://java.sun.com/"/>
    <property name="path.separator" value=":"/>
    <property name="java.vm.name" value="Java HotSpot(TM) Server VM"/>
    <property name="file.encoding.pkg" value="sun.io"/>
    <property name="user.country" value="US"/>
    <property name="sun.java.launcher" value="SUN_STANDARD"/>
    <property name="sun.os.patch.level" value="unknown"/>
    <property name="java.vm.specification.name" value="Java Virtual Machine Specification"/>
    <property name="user.dir" value="/home/hossam/project/okarabia-comments/okarabiacomments-ws-comment-impl"/>
    <property name="java.runtime.version" value="1.6.0_21-b06"/>
    <property name="java.awt.graphicsenv" value="sun.awt.X11GraphicsEnvironment"/>
    <property name="basedir" value="/home/hossam/project/okarabia-comments/okarabiacomments-ws-comment-impl"/>
    <property name="java.endorsed.dirs" value="/usr/lib/jvm/jdk1.6.0_21/jre/lib/endorsed"/>
    <property name="os.arch" value="i386"/>
    <property name="surefire.real.class.path" value="/tmp/surefirebooter3853443221667755213.jar"/>
    <property name="java.io.tmpdir" value="/tmp"/>
    <property name="line.separator" value="
"/>
    <property name="java.vm.specification.vendor" value="Sun Microsystems Inc."/>
    <property name="os.name" value="Linux"/>
    <property name="sun.jnu.encoding" value="UTF-8"/>
    <property name="java.library.path" value="/usr/lib/jvm/jdk1.6.0_21/jre/lib/i386/server:/usr/lib/jvm/jdk1.6.0_21/jre/lib/i386:/usr/lib/jvm/jdk1.6.0_21/jre/../lib/i386:/usr/java/packages/lib/i386:/lib:/usr/lib"/>
    <property name="surefire.test.class.path" value="/home/hossam/project/okarabia-comments/okarabiacomments-ws-comment-impl/target/test-classes:/home/hossam/project/okarabia-comments/okarabiacomments-ws-comment-impl/target/classes:/home/hossam/project/okarabia-comments/okarabiacomments-ws-comment-api/target/com.siliconarabia.okarabiacomments.ws.comment-api-1.0.0.jar:/home/hossam/project/okarabia-comments/okarabiacomments-dto/target/com.siliconarabia.okarabiacomments.dto-1.0.0.jar:/home/hossam/project/okarabia-comments/okarabiacomments-comment-service/target/com.siliconarabia.okarabiacomments.comment.service-1.0.0.jar:/home/hossam/project/okarabia-comments/okarabiacomments-domain/target/com.siliconarabia.okarabiacomments.domain-1.0.0.jar:/home/hossam/.m2/repository/javax/mail/com.springsource.javax.mail/1.4.0/com.springsource.javax.mail-1.4.0.jar:/home/hossam/project/okarabia-comments/okarabiacomments-converter/target/com.siliconarabia.okarabiacomments.converter-1.0.0.jar:/home/hossam/project/okarabia-comments/okarabiacomments-settings/target/com.siliconarabia.okarabiacomments.settings-1.0.0.jar:/home/hossam/project/okarabia-comments/okarabiacomments-dao/target/com.siliconarabia.okarabiacomments.dao-1.0.0.jar:/home/hossam/.m2/repository/org/hibernate/hibernate-validator/4.0.0.GA/hibernate-validator-4.0.0.GA.jar:/home/hossam/.m2/repository/javax/validation/validation-api/1.0.0.GA/validation-api-1.0.0.GA.jar:/home/hossam/.m2/repository/org/hibernate/hibernate-search/3.1.1.GA/hibernate-search-3.1.1.GA.jar:/home/hossam/.m2/repository/org/hibernate/hibernate-core/3.3.1.GA/hibernate-core-3.3.1.GA.jar:/home/hossam/.m2/repository/org/hibernate/hibernate-commons-annotations/3.1.0.GA/hibernate-commons-annotations-3.1.0.GA.jar:/home/hossam/.m2/repository/org/hibernate/ejb3-persistence/1.0.2.GA/ejb3-persistence-1.0.2.GA.jar:/home/hossam/.m2/repository/org/apache/lucene/lucene-core/2.4.1/lucene-core-2.4.1.jar:/home/hossam/project/okarabia-comments/okarabiacomments-dao-impl/target/com.siliconarabia.okarabiacomments.dao-impl-1.0.0.jar:/home/hossam/project/okarabia-comments/okarabiacomments-ws-user-impl/target/com.siliconarabia.okarabiacomments.ws.user-impl-1.0.0.jar:/home/hossam/project/okarabia-comments/okarabiacomments-ws-user-api/target/com.siliconarabia.okarabiacomments.ws.user-api-1.0.0.jar:/home/hossam/project/okarabia-comments/okarabiacomments-user-service/target/com.siliconarabia.okarabiacomments.user.service-1.0.0.jar:/home/hossam/.m2/repository/org/springframework/org.springframework.context.support/3.0.3.RELEASE/org.springframework.context.support-3.0.3.RELEASE.jar:/home/hossam/.m2/repository/org/springframework/org.springframework.context/3.0.3.RELEASE/org.springframework.context-3.0.3.RELEASE.jar:/home/hossam/.m2/repository/com/pearlox/com.pearlox.framework/0.0.1/com.pearlox.framework-0.0.1.jar:/home/hossam/.m2/repository/javax/persistence/persistence-api/1.0/persistence-api-1.0.jar:/home/hossam/.m2/repository/org/hibernate/hibernate/3.2.6.ga/hibernate-3.2.6.ga.jar:/home/hossam/.m2/repository/net/sf/ehcache/ehcache/1.2.3/ehcache-1.2.3.jar:/home/hossam/.m2/repository/asm/asm-attrs/1.5.3/asm-attrs-1.5.3.jar:/home/hossam/.m2/repository/dom4j/dom4j/1.6.1/dom4j-1.6.1.jar:/home/hossam/.m2/repository/antlr/antlr/2.7.6/antlr-2.7.6.jar:/home/hossam/.m2/repository/cglib/cglib/2.1_3/cglib-2.1_3.jar:/home/hossam/.m2/repository/asm/asm/1.5.3/asm-1.5.3.jar:/home/hossam/.m2/repository/commons-collections/commons-collections/2.1.1/commons-collections-2.1.1.jar:/home/hossam/.m2/repository/org/hibernate/hibernate-entitymanager/3.4.0.GA/hibernate-entitymanager-3.4.0.GA.jar:/home/hossam/.m2/repository/javassist/javassist/3.4.GA/javassist-3.4.GA.jar:/home/hossam/.m2/repository/org/slf4j/slf4j-simple/1.4.2/slf4j-simple-1.4.2.jar:/home/hossam/.m2/repository/c3p0/c3p0/0.9.1.2/c3p0-0.9.1.2.jar:/home/hossam/.m2/repository/org/hibernate/hibernate-annotations/3.4.0.GA/hibernate-annotations-3.4.0.GA.jar:/home/hossam/.m2/repository/commons-dbcp/commons-dbcp/1.2.2/commons-dbcp-1.2.2.jar:/home/hossam/.m2/repository/hibernate-commons-annotations/hibernate-commons-annotations/3.0.0.GA/hibernate-commons-annotations-3.0.0.GA.jar:/home/hossam/.m2/repository/javax/transaction/jta/1.1/jta-1.1.jar:/home/hossam/.m2/repository/hsqldb/hsqldb/1.8.0.7/hsqldb-1.8.0.7.jar:/home/hossam/.m2/repository/org/apache/ws/com.springsource.org.apache.ws.security/1.5.8/com.springsource.org.apache.ws.security-1.5.8.jar:/home/hossam/.m2/repository/org/apache/maven/plugins/maven-surefire-plugin/2.6/maven-surefire-plugin-2.6.jar:/home/hossam/.m2/repository/org/apache/maven/maven-plugin-api/2.0.9/maven-plugin-api-2.0.9.jar:/home/hossam/.m2/repository/org/apache/maven/surefire/surefire-booter/2.6/surefire-booter-2.6.jar:/home/hossam/.m2/repository/org/apache/maven/surefire/surefire-api/2.6/surefire-api-2.6.jar:/home/hossam/.m2/repository/org/apache/maven/surefire/maven-surefire-common/2.6/maven-surefire-common-2.6.jar:/home/hossam/.m2/repository/org/apache/maven/shared/maven-common-artifact-filters/1.2/maven-common-artifact-filters-1.2.jar:/home/hossam/.m2/repository/org/codehaus/plexus/plexus-utils/2.0.5/plexus-utils-2.0.5.jar:/home/hossam/.m2/repository/org/apache/maven/maven-artifact/2.0.9/maven-artifact-2.0.9.jar:/home/hossam/.m2/repository/org/apache/maven/maven-project/2.0.9/maven-project-2.0.9.jar:/home/hossam/.m2/repository/org/apache/maven/maven-settings/2.0.9/maven-settings-2.0.9.jar:/home/hossam/.m2/repository/org/apache/maven/maven-profile/2.0.9/maven-profile-2.0.9.jar:/home/hossam/.m2/repository/org/apache/maven/maven-model/2.0.9/maven-model-2.0.9.jar:/home/hossam/.m2/repository/org/apache/maven/maven-artifact-manager/2.0.9/maven-artifact-manager-2.0.9.jar:/home/hossam/.m2/repository/org/apache/maven/maven-plugin-registry/2.0.9/maven-plugin-registry-2.0.9.jar:/home/hossam/.m2/repository/org/codehaus/plexus/plexus-container-default/1.0-alpha-9-stable-1/plexus-container-default-1.0-alpha-9-stable-1.jar:/home/hossam/.m2/repository/org/apache/maven/maven-core/2.0.9/maven-core-2.0.9.jar:/home/hossam/.m2/repository/org/apache/maven/maven-plugin-parameter-documenter/2.0.9/maven-plugin-parameter-documenter-2.0.9.jar:/home/hossam/.m2/repository/org/apache/maven/reporting/maven-reporting-api/2.0.9/maven-reporting-api-2.0.9.jar:/home/hossam/.m2/repository/org/apache/maven/wagon/wagon-provider-api/1.0-beta-2/wagon-provider-api-1.0-beta-2.jar:/home/hossam/.m2/repository/org/apache/maven/maven-repository-metadata/2.0.9/maven-repository-metadata-2.0.9.jar:/home/hossam/.m2/repository/org/apache/maven/maven-error-diagnostics/2.0.9/maven-error-diagnostics-2.0.9.jar:/home/hossam/.m2/repository/org/apache/maven/maven-plugin-descriptor/2.0.9/maven-plugin-descriptor-2.0.9.jar:/home/hossam/.m2/repository/org/apache/maven/maven-monitor/2.0.9/maven-monitor-2.0.9.jar:/home/hossam/.m2/repository/classworlds/classworlds/1.1/classworlds-1.1.jar:/home/hossam/.m2/repository/org/apache/maven/maven-toolchain/2.0.9/maven-toolchain-2.0.9.jar:/home/hossam/.m2/repository/com/pearlox/com.pearlox.varaza/1.0.0.b-01/com.pearlox.varaza-1.0.0.b-01.jar:/home/hossam/.m2/repository/org/springframework/osgi/spring-osgi-io/1.2.1/spring-osgi-io-1.2.1.jar:/home/hossam/.m2/repository/org/springframework/osgi/spring-osgi-core/1.2.1/spring-osgi-core-1.2.1.jar:/home/hossam/.m2/repository/org/springframework/osgi/spring-osgi-extender/1.2.1/spring-osgi-extender-1.2.1.jar:/home/hossam/.m2/repository/org/springframework/osgi/spring-osgi-annotation/1.2.1/spring-osgi-annotation-1.2.1.jar:/home/hossam/.m2/repository/com/pearlox/com.pearlox.commons/0.0.1/com.pearlox.commons-0.0.1.jar:/home/hossam/.m2/repository/org/freemarker/com.springsource.freemarker/2.3.15/com.springsource.freemarker-2.3.15.jar:/home/hossam/.m2/repository/org/apache/activemq/com.springsource.org.apache.activemq/5.3.0/com.springsource.org.apache.activemq-5.3.0.jar:/home/hossam/.m2/repository/org/apache/activemq/com.springsource.org.apache.kahadb/5.3.0/com.springsource.org.apache.kahadb-5.3.0.jar:/home/hossam/.m2/repository/org/apache/geronimo/specs/com.springsource.javax.management.j2ee/1.0.1/com.springsource.javax.management.j2ee-1.0.1.jar:/home/hossam/.m2/repository/net/sourceforge/ezmorph/com.springsource.net.sf.ezmorph/1.0.5/com.springsource.net.sf.ezmorph-1.0.5.jar:/home/hossam/.m2/repository/javax/ws/rs/com.springsource.javax.ws.rs/1.0.0/com.springsource.javax.ws.rs-1.0.0.jar:/home/hossam/.m2/repository/org/jvnet/staxex/com.springsource.org.jvnet.staxex/1.0.0/com.springsource.org.jvnet.staxex-1.0.0.jar:/home/hossam/.m2/repository/org/mortbay/jetty/jetty/6.1.9/jetty-6.1.9.jar:/home/hossam/.m2/repository/org/mortbay/jetty/jetty-util/6.1.9/jetty-util-6.1.9.jar:/home/hossam/.m2/repository/org/mortbay/jetty/servlet-api-2.5/6.1.9/servlet-api-2.5-6.1.9.jar:/home/hossam/.m2/repository/com/sun/xml/bind/jaxb-xjc/2.1.12/jaxb-xjc-2.1.12.jar:/home/hossam/.m2/repository/com/sun/xml/bind/jaxb-impl/2.1.12/jaxb-impl-2.1.12.jar:/home/hossam/.m2/repository/org/springframework/security/org.springframework.security.core/3.0.3.RELEASE/org.springframework.security.core-3.0.3.RELEASE.jar:/home/hossam/.m2/repository/org/osgi/org.osgi.compendium/4.1.0/org.osgi.compendium-4.1.0.jar:/home/hossam/.m2/repository/org/apache/axis2/org.apache.axis2.osgi/1.5.1/org.apache.axis2.osgi-1.5.1.jar:/home/hossam/.m2/repository/org/apache/axis2/axis2-adb/1.5.1/axis2-adb-1.5.1.jar:/home/hossam/.m2/repository/org/apache/axis2/axis2-kernel/1.5.1/axis2-kernel-1.5.1.jar:/home/hossam/.m2/repository/org/apache/geronimo/specs/geronimo-jta_1.1_spec/1.1/geronimo-jta_1.1_spec-1.1.jar:/home/hossam/.m2/repository/javax/servlet/servlet-api/2.3/servlet-api-2.3.jar:/home/hossam/.m2/repository/commons-httpclient/commons-httpclient/3.1/commons-httpclient-3.1.jar:/home/hossam/.m2/repository/commons-fileupload/commons-fileupload/1.2/commons-fileupload-1.2.jar:/home/hossam/.m2/repository/org/apache/woden/woden-api/1.0M8/woden-api-1.0M8.jar:/home/hossam/.m2/repository/org/apache/ant/ant/1.7.0/ant-1.7.0.jar:/home/hossam/.m2/repository/org/apache/ant/ant-launcher/1.7.0/ant-launcher-1.7.0.jar:/home/hossam/.m2/repository/xerces/xmlParserAPIs/2.6.0/xmlParserAPIs-2.6.0.jar:/home/hossam/.m2/repository/org/apache/woden/woden-impl-dom/1.0M8/woden-impl-dom-1.0M8.jar:/home/hossam/.m2/repository/org/apache/axis2/axis2-transport-http/1.5.1/axis2-transport-http-1.5.1.jar:/home/hossam/.m2/repository/org/apache/httpcomponents/httpcore/4.0/httpcore-4.0.jar:/home/hossam/.m2/repository/org/apache/axis2/axis2-transport-local/1.5.1/axis2-transport-local-1.5.1.jar:/home/hossam/.m2/repository/org/apache/ws/commons/axiom/axiom-api/1.2.8/axiom-api-1.2.8.jar:/home/hossam/.m2/repository/org/apache/ws/commons/axiom/axiom-impl/1.2.8/axiom-impl-1.2.8.jar:/home/hossam/.m2/repository/org/apache/ws/commons/axiom/axiom-dom/1.2.8/axiom-dom-1.2.8.jar:/home/hossam/.m2/repository/javax/mail/mail/1.4/mail-1.4.jar:/home/hossam/.m2/repository/javax/activation/activation/1.1/activation-1.1.jar:/home/hossam/.m2/repository/xalan/xalan/2.7.0/xalan-2.7.0.jar:/home/hossam/.m2/repository/org/codehaus/woodstox/wstx-asl/3.2.4/wstx-asl-3.2.4.jar:/home/hossam/.m2/repository/org/apache/geronimo/specs/geronimo-stax-api_1.0_spec/1.0.1/geronimo-stax-api_1.0_spec-1.0.1.jar:/home/hossam/.m2/repository/commons-io/commons-io/1.4/commons-io-1.4.jar:/home/hossam/.m2/repository/javax/transaction/com.springsource.javax.transaction/1.1.0/com.springsource.javax.transaction-1.1.0.jar:/home/hossam/.m2/repository/org/hibernate/com.springsource.org.hibernate.ejb/3.4.0.GA/com.springsource.org.hibernate.ejb-3.4.0.GA.jar:/home/hossam/.m2/repository/org/jboss/util/com.springsource.org.jboss.util/2.0.4.GA/com.springsource.org.jboss.util-2.0.4.GA.jar:/home/hossam/.m2/repository/edu/oswego/cs/concurrent/com.springsource.edu.oswego.cs.dl.util.concurrent/1.3.4/com.springsource.edu.oswego.cs.dl.util.concurrent-1.3.4.jar:/home/hossam/.m2/repository/org/hibernate/com.springsource.org.hibernate.annotations/3.4.0.GA/com.springsource.org.hibernate.annotations-3.4.0.GA.jar:/home/hossam/.m2/repository/org/postgresql/com.springsource.org.postgresql.jdbc4/8.3.604/com.springsource.org.postgresql.jdbc4-8.3.604.jar:/home/hossam/.m2/repository/org/apache/commons/com.springsource.org.apache.commons.dbcp/1.2.2.osgi/com.springsource.org.apache.commons.dbcp-1.2.2.osgi.jar:/home/hossam/.m2/repository/org/apache/commons/com.springsource.org.apache.commons.pool/1.4.0/com.springsource.org.apache.commons.pool-1.4.0.jar:/home/hossam/.m2/repository/org/springframework/org.springframework.jdbc/3.0.3.RELEASE/org.springframework.jdbc-3.0.3.RELEASE.jar:/home/hossam/.m2/repository/org/springframework/org.springframework.orm/3.0.3.RELEASE/org.springframework.orm-3.0.3.RELEASE.jar:/home/hossam/.m2/repository/org/springframework/org.springframework.beans/3.0.3.RELEASE/org.springframework.beans-3.0.3.RELEASE.jar:/home/hossam/.m2/repository/org/springframework/org.springframework.asm/3.0.3.RELEASE/org.springframework.asm-3.0.3.RELEASE.jar:/home/hossam/.m2/repository/org/springframework/org.springframework.expression/3.0.3.RELEASE/org.springframework.expression-3.0.3.RELEASE.jar:/home/hossam/.m2/repository/org/hibernate/com.springsource.org.hibernate.search/3.1.1.GA/com.springsource.org.hibernate.search-3.1.1.GA.jar:/home/hossam/.m2/repository/org/apache/lucene/com.springsource.org.apache.lucene/2.4.1/com.springsource.org.apache.lucene-2.4.1.jar:/home/hossam/.m2/repository/org/apache/lucene/com.springsource.org.apache.lucene.search/2.4.1/com.springsource.org.apache.lucene.search-2.4.1.jar:/home/hossam/.m2/repository/org/dom4j/com.springsource.org.dom4j/1.6.1/com.springsource.org.dom4j-1.6.1.jar:/home/hossam/.m2/repository/org/hibernate/com.springsource.org.hibernate.annotations.common/3.3.0.ga/com.springsource.org.hibernate.annotations.common-3.3.0.ga.jar:/home/hossam/.m2/repository/org/hibernate/com.springsource.org.hibernate.validator/4.0.0.GA/com.springsource.org.hibernate.validator-4.0.0.GA.jar:/home/hossam/.m2/repository/org/antlr/com.springsource.antlr/2.7.7/com.springsource.antlr-2.7.7.jar:/home/hossam/.m2/repository/org/jboss/javassist/com.springsource.javassist/3.9.0.GA/com.springsource.javassist-3.9.0.GA.jar:/home/hossam/.m2/repository/org/apache/commons/com.springsource.org.apache.commons.collections/3.2.1/com.springsource.org.apache.commons.collections-3.2.1.jar:/home/hossam/.m2/repository/org/hibernate/com.springsource.org.hibernate/3.3.2.GA/com.springsource.org.hibernate-3.3.2.GA.jar:/home/hossam/.m2/repository/org/springframework/org.springframework.transaction/3.0.3.RELEASE/org.springframework.transaction-3.0.3.RELEASE.jar:/home/hossam/.m2/repository/org/springframework/org.springframework.aop/3.0.3.RELEASE/org.springframework.aop-3.0.3.RELEASE.jar:/home/hossam/.m2/repository/org/springframework/org.springframework.core/3.0.3.RELEASE/org.springframework.core-3.0.3.RELEASE.jar:/home/hossam/.m2/repository/org/springframework/org.springframework.test/3.0.3.RELEASE/org.springframework.test-3.0.3.RELEASE.jar:/home/hossam/.m2/repository/org/springframework/osgi/spring-osgi-test/1.2.1/spring-osgi-test-1.2.1.jar:/home/hossam/.m2/repository/org/junit/com.springsource.junit/3.8.2/com.springsource.junit-3.8.2.jar:/home/hossam/.m2/repository/org/aopalliance/com.springsource.org.aopalliance/1.0.0/com.springsource.org.aopalliance-1.0.0.jar:/home/hossam/.m2/repository/net/sourceforge/cglib/com.springsource.net.sf.cglib/2.2.0/com.springsource.net.sf.cglib-2.2.0.jar:/home/hossam/.m2/repository/org/objectweb/asm/com.springsource.org.objectweb.asm/1.5.3/com.springsource.org.objectweb.asm-1.5.3.jar:/home/hossam/.m2/repository/org/springframework/osgi/jasper.osgi/5.5.23-SNAPSHOT/jasper.osgi-5.5.23-SNAPSHOT.jar:/home/hossam/.m2/repository/org/springframework/osgi/jetty.start.osgi/1.0.0/jetty.start.osgi-1.0.0.jar:/home/hossam/.m2/repository/org/springframework/osgi/spring-osgi-web/1.2.1/spring-osgi-web-1.2.1.jar:/home/hossam/.m2/repository/org/springframework/osgi/spring-osgi-web-extender/1.2.1/spring-osgi-web-extender-1.2.1.jar:/home/hossam/.m2/repository/com/pearlox/osgi/spring-osgi-extender/1.2.1/spring-osgi-extender-1.2.1.jar:/home/hossam/.m2/repository/org/springframework/org.springframework.web/3.0.3.RELEASE/org.springframework.web-3.0.3.RELEASE.jar:/home/hossam/.m2/repository/org/springframework/org.springframework.web.servlet/3.0.3.RELEASE/org.springframework.web.servlet-3.0.3.RELEASE.jar:/home/hossam/.m2/repository/com/pearlox/varaza/com.pearlox.varaza.cxf.all/1.0.0/com.pearlox.varaza.cxf.all-1.0.0.jar:/home/hossam/.m2/repository/junit/junit/4.8.1/junit-4.8.1.jar:/home/hossam/.m2/repository/easymock/easymock/1.2_Java1.3/easymock-1.2_Java1.3.jar:/home/hossam/.m2/repository/org/slf4j/com.springsource.slf4j.org.apache.commons.logging/1.5.10/com.springsource.slf4j.org.apache.commons.logging-1.5.10.jar:/home/hossam/.m2/repository/org/slf4j/com.springsource.slf4j.api/1.5.10/com.springsource.slf4j.api-1.5.10.jar:/home/hossam/.m2/repository/org/slf4j/com.springsource.slf4j.log4j/1.5.10/com.springsource.slf4j.log4j-1.5.10.jar:/home/hossam/.m2/repository/org/springframework/osgi/log4j.osgi/1.2.15-SNAPSHOT/log4j.osgi-1.2.15-SNAPSHOT.jar:/home/hossam/.m2/repository/javax/xml/crypto/com.springsource.javax.xml.crypto/1.4.2/com.springsource.javax.xml.crypto-1.4.2.jar:/home/hossam/.m2/repository/com/springsource/bundlor/com.springsource.bundlor/1.0.0.RELEASE/com.springsource.bundlor-1.0.0.RELEASE.jar:/home/hossam/.m2/repository/org/objectweb/asm/com.springsource.org.objectweb.asm.tree/3.1.0/com.springsource.org.objectweb.asm.tree-3.1.0.jar:/home/hossam/.m2/repository/org/objectweb/asm/com.springsource.org.objectweb.asm.commons/3.1.0/com.springsource.org.objectweb.asm.commons-3.1.0.jar:/home/hossam/.m2/repository/org/osgi/org.osgi.core/4.1.0/org.osgi.core-4.1.0.jar:/home/hossam/.m2/repository/com/springsource/util/com.springsource.util.common/2.0.0.RELEASE/com.springsource.util.common-2.0.0.RELEASE.jar:/home/hossam/.m2/repository/com/springsource/util/com.springsource.util.math/2.0.0.RELEASE/com.springsource.util.math-2.0.0.RELEASE.jar:/home/hossam/.m2/repository/com/springsource/util/com.springsource.util.osgi/2.0.0.RELEASE/com.springsource.util.osgi-2.0.0.RELEASE.jar:/home/hossam/.m2/repository/com/springsource/util/com.springsource.util.parser.manifest/2.0.0.RELEASE/com.springsource.util.parser.manifest-2.0.0.RELEASE.jar:/home/hossam/.m2/repository/javax/servlet/com.springsource.javax.servlet/2.5.0/com.springsource.javax.servlet-2.5.0.jar:/home/hossam/.m2/repository/javax/servlet/com.springsource.javax.servlet.jsp/2.1.0/com.springsource.javax.servlet.jsp-2.1.0.jar:/home/hossam/.m2/repository/org/apache/taglibs/com.springsource.org.apache.taglibs.standard/1.1.2/com.springsource.org.apache.taglibs.standard-1.1.2.jar:/home/hossam/.m2/repository/org/apache/commons/com.springsource.org.apache.commons.el/1.0.0/com.springsource.org.apache.commons.el-1.0.0.jar:/home/hossam/.m2/repository/org/apache/catalina/com.springsource.org.apache.catalina/6.0.18/com.springsource.org.apache.catalina-6.0.18.jar:/home/hossam/.m2/repository/org/apache/juli/com.springsource.org.apache.juli.extras/6.0.18/com.springsource.org.apache.juli.extras-6.0.18.jar:/home/hossam/.m2/repository/org/apache/coyote/com.springsource.org.apache.coyote/6.0.18/com.springsource.org.apache.coyote-6.0.18.jar:/home/hossam/.m2/repository/javax/activation/com.springsource.javax.activation/1.1.1/com.springsource.javax.activation-1.1.1.jar:/home/hossam/.m2/repository/javax/xml/soap/com.springsource.javax.xml.soap/1.3.0/com.springsource.javax.xml.soap-1.3.0.jar:/home/hossam/.m2/repository/javax/xml/rpc/com.springsource.javax.xml.rpc/1.1.0/com.springsource.javax.xml.rpc-1.1.0.jar:/home/hossam/.m2/repository/javax/ejb/com.springsource.javax.ejb/3.0.0/com.springsource.javax.ejb-3.0.0.jar:/home/hossam/.m2/repository/javax/persistence/com.springsource.javax.persistence/1.0.0/com.springsource.javax.persistence-1.0.0.jar:/home/hossam/.m2/repository/javax/xml/ws/com.springsource.javax.xml.ws/2.1.1/com.springsource.javax.xml.ws-2.1.1.jar:/home/hossam/.m2/repository/javax/xml/bind/com.springsource.javax.xml.bind/2.2.0/com.springsource.javax.xml.bind-2.2.0.jar:/home/hossam/.m2/repository/org/apache/commons/com.springsource.org.apache.commons.lang/2.4.0/com.springsource.org.apache.commons.lang-2.4.0.jar:/home/hossam/.m2/repository/javax/xml/stream/com.springsource.javax.xml.stream/1.0.1/com.springsource.javax.xml.stream-1.0.1.jar:/home/hossam/.m2/repository/javax/el/com.springsource.javax.el/1.0.0/com.springsource.javax.el-1.0.0.jar:/home/hossam/.m2/repository/javax/jws/com.springsource.javax.jws/2.0.0/com.springsource.javax.jws-2.0.0.jar:/home/hossam/.m2/repository/javax/servlet/com.springsource.javax.servlet.jsp.jstl/1.1.2/com.springsource.javax.servlet.jsp.jstl-1.1.2.jar:/home/hossam/.m2/repository/javax/annotation/com.springsource.javax.annotation/1.0.0/com.springsource.javax.annotation-1.0.0.jar:/home/hossam/.m2/repository/org/apache/xmlcommons/com.springsource.org.apache.xmlcommons/1.3.4/com.springsource.org.apache.xmlcommons-1.3.4.jar:/home/hossam/.m2/repository/javax/wsdl/com.springsource.javax.wsdl/1.6.1/com.springsource.javax.wsdl-1.6.1.jar:/home/hossam/.m2/repository/org/apache/axis/com.springsource.org.apache.axis/1.4.0/com.springsource.org.apache.axis-1.4.0.jar:/home/hossam/.m2/repository/javax/jms/com.springsource.javax.jms/1.1.0/com.springsource.javax.jms-1.1.0.jar:/home/hossam/.m2/repository/org/springframework/org.springframework.jms/3.0.3.RELEASE/org.springframework.jms-3.0.3.RELEASE.jar:/home/hossam/.m2/repository/javax/validation/com.springsource.javax.validation/1.0.0.GA/com.springsource.javax.validation-1.0.0.GA.jar:/home/hossam/.m2/repository/org/apache/xml/com.springsource.org.apache.xml.resolver/1.2.0/com.springsource.org.apache.xml.resolver-1.2.0.jar:/home/hossam/.m2/repository/org/apache/xerces/com.springsource.org.apache.xerces/2.9.1/com.springsource.org.apache.xerces-2.9.1.jar:/home/hossam/.m2/repository/org/apache/xalan/com.springsource.org.apache.xml.serializer/2.7.1/com.springsource.org.apache.xml.serializer-2.7.1.jar:/home/hossam/.m2/repository/org/apache/xalan/com.springsource.org.apache.xalan/2.7.1/com.springsource.org.apache.xalan-2.7.1.jar:/home/hossam/.m2/repository/org/apache/bcel/com.springsource.org.apache.bcel/5.1.0/com.springsource.org.apache.bcel-5.1.0.jar:/home/hossam/.m2/repository/org/apache/regexp/com.springsource.org.apache.regexp/1.5.0/com.springsource.org.apache.regexp-1.5.0.jar:/home/hossam/.m2/repository/org/apache/xbean/com.springsource.org.apache.xbean.spring/3.6.0/com.springsource.org.apache.xbean.spring-3.6.0.jar:/home/hossam/.m2/repository/org/springframework/security/org.springframework.security.config/3.0.3.RELEASE/org.springframework.security.config-3.0.3.RELEASE.jar:/home/hossam/.m2/repository/org/apache/commons/com.springsource.org.apache.commons.discovery/0.4.0/com.springsource.org.apache.commons.discovery-0.4.0.jar:/home/hossam/.m2/repository/org/apache/commons/com.springsource.org.apache.commons.logging/1.1.1/com.springsource.org.apache.commons.logging-1.1.1.jar:/home/hossam/.m2/repository/org/apache/commons/com.springsource.org.apache.commons.httpclient/3.1.0/com.springsource.org.apache.commons.httpclient-3.1.0.jar:/home/hossam/.m2/repository/org/apache/commons/com.springsource.org.apache.commons.codec/1.4.0/com.springsource.org.apache.commons.codec-1.4.0.jar:/home/hossam/.m2/repository/org/apache/commons/com.springsource.org.apache.commons.net/1.4.1/com.springsource.org.apache.commons.net-1.4.1.jar:/home/hossam/.m2/repository/org/opensaml/com.springsource.org.opensaml/1.1.0/com.springsource.org.opensaml-1.1.0.jar:/home/hossam/.m2/repository/org/apache/xml/com.springsource.org.apache.xml.security/1.0.5.D2/com.springsource.org.apache.xml.security-1.0.5.D2.jar:/home/hossam/.m2/repository/org/apache/log4j/com.springsource.org.apache.log4j/1.2.15/com.springsource.org.apache.log4j-1.2.15.jar:/home/hossam/.m2/repository/net/sourceforge/json/com.springsource.net.sf.json/2.2.2/com.springsource.net.sf.json-2.2.2.jar:/home/hossam/.m2/repository/org/apache/commons/com.springsource.org.apache.commons.beanutils/1.8.0/com.springsource.org.apache.commons.beanutils-1.8.0.jar:/home/hossam/.m2/repository/org/springframework/osgi/org.springframework.osgi.extensions.annotation/1.2.1/org.springframework.osgi.extensions.annotation-1.2.1.jar:/home/hossam/.m2/repository/org/springframework/osgi/org.springframework.osgi.core/1.2.1/org.springframework.osgi.core-1.2.1.jar:/home/hossam/.m2/repository/org/springframework/osgi/org.springframework.osgi.io/1.2.1/org.springframework.osgi.io-1.2.1.jar:/home/hossam/.m2/repository/org/springframework/osgi/org.springframework.osgi.extender/1.2.1/org.springframework.osgi.extender-1.2.1.jar:/home/hossam/.m2/repository/com/omlulu/recaptcha4j/com.omlulu.recaptcha4j/0.0.7/com.omlulu.recaptcha4j-0.0.7.jar:/home/hossam/.m2/repository/com/sun/syndication/com.springsource.com.sun.syndication/0.9.0/com.springsource.com.sun.syndication-0.9.0.jar:/home/hossam/.m2/repository/org/jdom/com.springsource.org.jdom/1.1.0/com.springsource.org.jdom-1.1.0.jar:/home/hossam/.m2/repository/org/apache/cxf/cxf-rt-core/2.2.5/cxf-rt-core-2.2.5.jar:/home/hossam/.m2/repository/org/apache/cxf/cxf-api/2.2.5/cxf-api-2.2.5.jar:/home/hossam/.m2/repository/org/apache/cxf/cxf-common-schemas/2.2.5/cxf-common-schemas-2.2.5.jar:/home/hossam/.m2/repository/org/apache/ws/commons/schema/XmlSchema/1.4.5/XmlSchema-1.4.5.jar:/home/hossam/.m2/repository/org/apache/geronimo/specs/geronimo-javamail_1.4_spec/1.6/geronimo-javamail_1.4_spec-1.6.jar:/home/hossam/.m2/repository/org/apache/cxf/cxf-rt-frontend-simple/2.2.5/cxf-rt-frontend-simple-2.2.5.jar:/home/hossam/.m2/repository/org/apache/cxf/cxf-rt-bindings-soap/2.2.5/cxf-rt-bindings-soap-2.2.5.jar:/home/hossam/.m2/repository/org/apache/cxf/cxf-tools-common/2.2.5/cxf-tools-common-2.2.5.jar:/home/hossam/.m2/repository/org/apache/cxf/cxf-rt-databinding-jaxb/2.2.5/cxf-rt-databinding-jaxb-2.2.5.jar:/home/hossam/.m2/repository/org/apache/cxf/cxf-rt-frontend-jaxws/2.2.5/cxf-rt-frontend-jaxws-2.2.5.jar:/home/hossam/.m2/repository/xml-resolver/xml-resolver/1.2/xml-resolver-1.2.jar:/home/hossam/.m2/repository/org/apache/geronimo/specs/geronimo-jaxws_2.1_spec/1.0/geronimo-jaxws_2.1_spec-1.0.jar:/home/hossam/.m2/repository/org/apache/geronimo/specs/geronimo-ws-metadata_2.0_spec/1.1.2/geronimo-ws-metadata_2.0_spec-1.1.2.jar:/home/hossam/.m2/repository/org/apache/cxf/cxf-rt-bindings-xml/2.2.5/cxf-rt-bindings-xml-2.2.5.jar:/home/hossam/.m2/repository/org/apache/cxf/cxf-rt-ws-addr/2.2.5/cxf-rt-ws-addr-2.2.5.jar:/home/hossam/.m2/repository/javax/xml/soap/saaj-api/1.3/saaj-api-1.3.jar:/home/hossam/.m2/repository/com/sun/xml/messaging/saaj/saaj-impl/1.3.2/saaj-impl-1.3.2.jar:/home/hossam/.m2/repository/org/apache/cxf/cxf-rt-databinding-aegis/2.2.5/cxf-rt-databinding-aegis-2.2.5.jar:/home/hossam/.m2/repository/org/apache/cxf/cxf-rt-transports-local/2.2.5/cxf-rt-transports-local-2.2.5.jar:/home/hossam/.m2/repository/org/apache/cxf/cxf-rt-transports-http/2.2.5/cxf-rt-transports-http-2.2.5.jar:/home/hossam/.m2/repository/org/apache/cxf/cxf-rt-transports-http-jetty/2.2.5/cxf-rt-transports-http-jetty-2.2.5.jar:/home/hossam/.m2/repository/org/slf4j/slf4j-jdk14/1.5.8/slf4j-jdk14-1.5.8.jar:/home/hossam/.m2/repository/org/slf4j/slf4j-api/1.5.8/slf4j-api-1.5.8.jar:/home/hossam/.m2/repository/org/apache/geronimo/specs/geronimo-servlet_2.5_spec/1.2/geronimo-servlet_2.5_spec-1.2.jar:/home/hossam/.m2/repository/org/apache/cxf/cxf-rt-transports-jms/2.2.5/cxf-rt-transports-jms-2.2.5.jar:/home/hossam/.m2/repository/org/apache/geronimo/specs/geronimo-jms_1.1_spec/1.1.1/geronimo-jms_1.1_spec-1.1.1.jar:/home/hossam/.m2/repository/commons-pool/commons-pool/1.5.2/commons-pool-1.5.2.jar:/home/hossam/.m2/repository/org/springframework/spring-jms/2.5.5/spring-jms-2.5.5.jar:/home/hossam/.m2/repository/org/springframework/spring-context-support/2.5.5/spring-context-support-2.5.5.jar:/home/hossam/.m2/repository/org/apache/cxf/cxf-rt-management/2.2.5/cxf-rt-management-2.2.5.jar:/home/hossam/.m2/repository/org/apache/cxf/cxf-common-utilities/2.2.5/cxf-common-utilities-2.2.5.jar:/home/hossam/.m2/repository/org/apache/geronimo/specs/geronimo-annotation_1.0_spec/1.1.1/geronimo-annotation_1.0_spec-1.1.1.jar:/home/hossam/.m2/repository/javax/xml/bind/jaxb-api/2.1/jaxb-api-2.1.jar:/home/hossam/.m2/repository/wsdl4j/wsdl4j/1.6.2/wsdl4j-1.6.2.jar:/home/hossam/.m2/repository/commons-lang/commons-lang/2.4/commons-lang-2.4.jar:/home/hossam/.m2/repository/org/apache/cxf/cxf-bundle-minimal/2.2.5/cxf-bundle-minimal-2.2.5.jar:/home/hossam/.m2/repository/commons-logging/commons-logging/1.1.1/commons-logging-1.1.1.jar:/home/hossam/.m2/repository/aopalliance/aopalliance/1.0/aopalliance-1.0.jar:/home/hossam/.m2/repository/org/apache/geronimo/specs/geronimo-activation_1.1_spec/1.0.2/geronimo-activation_1.1_spec-1.0.2.jar:/home/hossam/.m2/repository/org/apache/neethi/neethi/2.0.4/neethi-2.0.4.jar:/home/hossam/.m2/repository/org/springframework/spring-tx/2.5.5/spring-tx-2.5.5.jar:/home/hossam/.m2/repository/org/apache/xmlbeans/xmlbeans/2.4.0/xmlbeans-2.4.0.jar:/home/hossam/.m2/repository/org/apache/ws/security/wss4j/1.5.8/wss4j-1.5.8.jar:/home/hossam/.m2/repository/org/apache/santuario/xmlsec/1.4.3/xmlsec-1.4.3.jar:/home/hossam/.m2/repository/xalan/serializer/2.7.1/serializer-2.7.1.jar:/home/hossam/.m2/repository/org/bouncycastle/bcprov-jdk15/1.43/bcprov-jdk15-1.43.jar:/home/hossam/.m2/repository/javax/ws/rs/jsr311-api/1.0/jsr311-api-1.0.jar:/home/hossam/.m2/repository/org/apache/abdera/abdera-core/0.4.0-incubating/abdera-core-0.4.0-incubating.jar:/home/hossam/.m2/repository/org/apache/abdera/abdera-i18n/0.4.0-incubating/abdera-i18n-0.4.0-incubating.jar:/home/hossam/.m2/repository/commons-codec/commons-codec/1.3/commons-codec-1.3.jar:/home/hossam/.m2/repository/org/apache/abdera/abdera-parser/0.4.0-incubating/abdera-parser-0.4.0-incubating.jar:/home/hossam/.m2/repository/jaxen/jaxen/1.1/jaxen-1.1.jar:/home/hossam/.m2/repository/xml-apis/xml-apis/1.3.02/xml-apis-1.3.02.jar:/home/hossam/.m2/repository/xerces/xercesImpl/2.6.2/xercesImpl-2.6.2.jar:/home/hossam/.m2/repository/xom/xom/1.0/xom-1.0.jar:/home/hossam/.m2/repository/com/ibm/icu/icu4j/2.6.1/icu4j-2.6.1.jar:/home/hossam/.m2/repository/org/apache/abdera/abdera-extensions-json/0.4.0-incubating/abdera-extensions-json-0.4.0-incubating.jar:/home/hossam/.m2/repository/org/apache/abdera/abdera-extensions-main/0.4.0-incubating/abdera-extensions-main-0.4.0-incubating.jar:/home/hossam/.m2/repository/org/codehaus/jettison/jettison/1.1/jettison-1.1.jar:/home/hossam/.m2/repository/org/apache/cxf/dosgi/cxf-dosgi-ri-discovery-local/1.1/cxf-dosgi-ri-discovery-local-1.1.jar:/home/hossam/.m2/repository/org/apache/felix/org.apache.felix.framework/1.8.0/org.apache.felix.framework-1.8.0.jar:/home/hossam/.m2/repository/org/apache/felix/org.osgi.core/1.2.0/org.osgi.core-1.2.0.jar:/home/hossam/.m2/repository/org/apache/felix/org.osgi.compendium/1.2.0/org.osgi.compendium-1.2.0.jar:/home/hossam/.m2/repository/org/apache/cxf/dosgi/cxf-dosgi-ri-dsw-cxf/1.1/cxf-dosgi-ri-dsw-cxf-1.1.jar:/home/hossam/.m2/repository/org/springframework/social/spring-social-core/1.0.0.M2/spring-social-core-1.0.0.M2.jar:/home/hossam/.m2/repository/org/scribe/scribe/1.0.6/scribe-1.0.6.jar:/home/hossam/.m2/repository/org/codehaus/spring-security-oauth/spring-security-oauth/3.19.SS3/spring-security-oauth-3.19.SS3.jar:/home/hossam/.m2/repository/org/springframework/spring-beans/3.0.1.RELEASE/spring-beans-3.0.1.RELEASE.jar:/home/hossam/.m2/repository/org/springframework/spring-core/3.0.1.RELEASE/spring-core-3.0.1.RELEASE.jar:/home/hossam/.m2/repository/org/springframework/spring-asm/3.0.1.RELEASE/spring-asm-3.0.1.RELEASE.jar:/home/hossam/.m2/repository/org/springframework/spring-context/3.0.1.RELEASE/spring-context-3.0.1.RELEASE.jar:/home/hossam/.m2/repository/org/springframework/spring-expression/3.0.1.RELEASE/spring-expression-3.0.1.RELEASE.jar:/home/hossam/.m2/repository/org/springframework/spring-aop/3.0.1.RELEASE/spring-aop-3.0.1.RELEASE.jar:/home/hossam/.m2/repository/org/springframework/security/spring-security-core/3.0.2.RELEASE/spring-security-core-3.0.2.RELEASE.jar:/home/hossam/.m2/repository/org/aspectj/aspectjrt/1.6.8/aspectjrt-1.6.8.jar:/home/hossam/.m2/repository/org/aspectj/aspectjweaver/1.6.8/aspectjweaver-1.6.8.jar:/home/hossam/.m2/repository/org/springframework/security/spring-security-config/3.0.2.RELEASE/spring-security-config-3.0.2.RELEASE.jar:/home/hossam/.m2/repository/org/springframework/security/spring-security-web/3.0.2.RELEASE/spring-security-web-3.0.2.RELEASE.jar:/home/hossam/.m2/repository/org/springframework/spring-web/3.0.1.RELEASE/spring-web-3.0.1.RELEASE.jar:/home/hossam/.m2/repository/org/springframework/security/spring-security-crypto/3.1.0.RC3/spring-security-crypto-3.1.0.RC3.jar:/home/hossam/.m2/repository/javax/inject/com.springsource.javax.inject/1.0.0/com.springsource.javax.inject-1.0.0.jar:/home/hossam/.m2/repository/org/springframework/social/spring-social-twitter/1.0.0.M2/spring-social-twitter-1.0.0.M2.jar:/home/hossam/.m2/repository/org/springframework/social/spring-social-linkedin/1.0.0.M2/spring-social-linkedin-1.0.0.M2.jar:/home/hossam/.m2/repository/org/springframework/social/spring-social-facebook/1.0.0.M2/spring-social-facebook-1.0.0.M2.jar:/home/hossam/.m2/repository/org/springframework/social/spring-social-web/1.0.0.M2/spring-social-web-1.0.0.M2.jar:/home/hossam/.m2/repository/com/siliconnile/security/com.siliconnile.security.ws.user.api/1.0-SNAPSHOT/com.siliconnile.security.ws.user.api-1.0-SNAPSHOT.jar:/home/hossam/.m2/repository/org/springframework/security/oauth/spring-security-oauth/1.0.0.SILICON-NILE/spring-security-oauth-1.0.0.SILICON-NILE.jar:/home/hossam/.m2/repository/com/siliconnile/communicationservice/com.siliconnile.communicationservice.ws-email-api/0.0.1/com.siliconnile.communicationservice.ws-email-api-0.0.1.jar:/home/hossam/.m2/repository/org/springframework/osgi/spring-osgi-mock/1.2.1/spring-osgi-mock-1.2.1.jar:/home/hossam/.m2/repository/com/pearlox/messaging/com.pearlox.messaging.base/0.0.2/com.pearlox.messaging.base-0.0.2.jar:/home/hossam/.m2/repository/com/pearlox/messaging/com.pearlox.messaging.mail/0.0.2/com.pearlox.messaging.mail-0.0.2.jar:/home/hossam/.m2/repository/com/siliconnile/communicationservice/com.siliconnile.communicationservice.dto/0.0.1/com.siliconnile.communicationservice.dto-0.0.1.jar:/home/hossam/.m2/repository/com/siliconnile/security/com.siliconnile.security.dto/1.0-SNAPSHOT/com.siliconnile.security.dto-1.0-SNAPSHOT.jar:/home/hossam/.m2/repository/com/sun/xml/com.springsource.com.sun.xml.bind.jaxb1/2.1.7/com.springsource.com.sun.xml.bind.jaxb1-2.1.7.jar:/home/hossam/.m2/repository/com/sun/msv/com.springsource.com.sun.msv.datatype/0.0.0.20041122/com.springsource.com.sun.msv.datatype-0.0.0.20041122.jar:/home/hossam/.m2/repository/org/relaxng/com.springsource.org.relaxng.datatype/1.0.0/com.springsource.org.relaxng.datatype-1.0.0.jar:/home/hossam/.m2/repository/com/sun/xml/com.springsource.com.sun.xml.bind/2.1.7/com.springsource.com.sun.xml.bind-2.1.7.jar:/home/hossam/.m2/repository/com/sun/xml/com.springsource.com.sun.xml.fastinfoset/1.2.2/com.springsource.com.sun.xml.fastinfoset-1.2.2.jar:/home/hossam/.m2/repository/com/siliconnile/security/com.siliconnile.security.client/1.0-SNAPSHOT/com.siliconnile.security.client-1.0-SNAPSHOT.jar:/home/hossam/.m2/repository/org/apache/httpcomponents/com.springsource.org.apache.httpcomponents.httpclient/4.1.1/com.springsource.org.apache.httpcomponents.httpclient-4.1.1.jar:/home/hossam/.m2/repository/org/apache/httpcomponents/com.springsource.org.apache.httpcomponents.httpcore/4.1/com.springsource.org.apache.httpcomponents.httpcore-4.1.jar:/home/hossam/.m2/repository/org/springframework/osgi/jetty.web.extender.fragment.osgi/1.0.1/jetty.web.extender.fragment.osgi-1.0.1.jar:/home/hossam/.m2/repository/org/eclipse/osgi/org.eclipse.osgi/3.5.100.v20090629/org.eclipse.osgi-3.5.100.v20090629.jar:/home/hossam/.m2/repository/org/eclipse/equinox/event/1.0.100-v20070516/event-1.0.100-v20070516.jar:"/>
    <property name="java.specification.name" value="Java Platform API Specification"/>
    <property name="java.class.version" value="50.0"/>
    <property name="sun.management.compiler" value="HotSpot Tiered Compilers"/>
    <property name="os.version" value="2.6.38-13-generic-pae"/>
    <property name="user.home" value="/home/hossam"/>
    <property name="user.timezone" value="Africa/Cairo"/>
    <property name="java.awt.printerjob" value="sun.print.PSPrinterJob"/>
    <property name="file.encoding" value="UTF-8"/>
    <property name="java.specification.version" value="1.6"/>
    <property name="user.name" value="hossam"/>
    <property name="java.class.path" value="/home/hossam/project/okarabia-comments/okarabiacomments-ws-comment-impl/target/test-classes:/home/hossam/project/okarabia-comments/okarabiacomments-ws-comment-impl/target/classes:/home/hossam/project/okarabia-comments/okarabiacomments-ws-comment-api/target/com.siliconarabia.okarabiacomments.ws.comment-api-1.0.0.jar:/home/hossam/project/okarabia-comments/okarabiacomments-dto/target/com.siliconarabia.okarabiacomments.dto-1.0.0.jar:/home/hossam/project/okarabia-comments/okarabiacomments-comment-service/target/com.siliconarabia.okarabiacomments.comment.service-1.0.0.jar:/home/hossam/project/okarabia-comments/okarabiacomments-domain/target/com.siliconarabia.okarabiacomments.domain-1.0.0.jar:/home/hossam/.m2/repository/javax/mail/com.springsource.javax.mail/1.4.0/com.springsource.javax.mail-1.4.0.jar:/home/hossam/project/okarabia-comments/okarabiacomments-converter/target/com.siliconarabia.okarabiacomments.converter-1.0.0.jar:/home/hossam/project/okarabia-comments/okarabiacomments-settings/target/com.siliconarabia.okarabiacomments.settings-1.0.0.jar:/home/hossam/project/okarabia-comments/okarabiacomments-dao/target/com.siliconarabia.okarabiacomments.dao-1.0.0.jar:/home/hossam/.m2/repository/org/hibernate/hibernate-validator/4.0.0.GA/hibernate-validator-4.0.0.GA.jar:/home/hossam/.m2/repository/javax/validation/validation-api/1.0.0.GA/validation-api-1.0.0.GA.jar:/home/hossam/.m2/repository/org/hibernate/hibernate-search/3.1.1.GA/hibernate-search-3.1.1.GA.jar:/home/hossam/.m2/repository/org/hibernate/hibernate-core/3.3.1.GA/hibernate-core-3.3.1.GA.jar:/home/hossam/.m2/repository/org/hibernate/hibernate-commons-annotations/3.1.0.GA/hibernate-commons-annotations-3.1.0.GA.jar:/home/hossam/.m2/repository/org/hibernate/ejb3-persistence/1.0.2.GA/ejb3-persistence-1.0.2.GA.jar:/home/hossam/.m2/repository/org/apache/lucene/lucene-core/2.4.1/lucene-core-2.4.1.jar:/home/hossam/project/okarabia-comments/okarabiacomments-dao-impl/target/com.siliconarabia.okarabiacomments.dao-impl-1.0.0.jar:/home/hossam/project/okarabia-comments/okarabiacomments-ws-user-impl/target/com.siliconarabia.okarabiacomments.ws.user-impl-1.0.0.jar:/home/hossam/project/okarabia-comments/okarabiacomments-ws-user-api/target/com.siliconarabia.okarabiacomments.ws.user-api-1.0.0.jar:/home/hossam/project/okarabia-comments/okarabiacomments-user-service/target/com.siliconarabia.okarabiacomments.user.service-1.0.0.jar:/home/hossam/.m2/repository/org/springframework/org.springframework.context.support/3.0.3.RELEASE/org.springframework.context.support-3.0.3.RELEASE.jar:/home/hossam/.m2/repository/org/springframework/org.springframework.context/3.0.3.RELEASE/org.springframework.context-3.0.3.RELEASE.jar:/home/hossam/.m2/repository/com/pearlox/com.pearlox.framework/0.0.1/com.pearlox.framework-0.0.1.jar:/home/hossam/.m2/repository/javax/persistence/persistence-api/1.0/persistence-api-1.0.jar:/home/hossam/.m2/repository/org/hibernate/hibernate/3.2.6.ga/hibernate-3.2.6.ga.jar:/home/hossam/.m2/repository/net/sf/ehcache/ehcache/1.2.3/ehcache-1.2.3.jar:/home/hossam/.m2/repository/asm/asm-attrs/1.5.3/asm-attrs-1.5.3.jar:/home/hossam/.m2/repository/dom4j/dom4j/1.6.1/dom4j-1.6.1.jar:/home/hossam/.m2/repository/antlr/antlr/2.7.6/antlr-2.7.6.jar:/home/hossam/.m2/repository/cglib/cglib/2.1_3/cglib-2.1_3.jar:/home/hossam/.m2/repository/asm/asm/1.5.3/asm-1.5.3.jar:/home/hossam/.m2/repository/commons-collections/commons-collections/2.1.1/commons-collections-2.1.1.jar:/home/hossam/.m2/repository/org/hibernate/hibernate-entitymanager/3.4.0.GA/hibernate-entitymanager-3.4.0.GA.jar:/home/hossam/.m2/repository/javassist/javassist/3.4.GA/javassist-3.4.GA.jar:/home/hossam/.m2/repository/org/slf4j/slf4j-simple/1.4.2/slf4j-simple-1.4.2.jar:/home/hossam/.m2/repository/c3p0/c3p0/0.9.1.2/c3p0-0.9.1.2.jar:/home/hossam/.m2/repository/org/hibernate/hibernate-annotations/3.4.0.GA/hibernate-annotations-3.4.0.GA.jar:/home/hossam/.m2/repository/commons-dbcp/commons-dbcp/1.2.2/commons-dbcp-1.2.2.jar:/home/hossam/.m2/repository/hibernate-commons-annotations/hibernate-commons-annotations/3.0.0.GA/hibernate-commons-annotations-3.0.0.GA.jar:/home/hossam/.m2/repository/javax/transaction/jta/1.1/jta-1.1.jar:/home/hossam/.m2/repository/hsqldb/hsqldb/1.8.0.7/hsqldb-1.8.0.7.jar:/home/hossam/.m2/repository/org/apache/ws/com.springsource.org.apache.ws.security/1.5.8/com.springsource.org.apache.ws.security-1.5.8.jar:/home/hossam/.m2/repository/org/apache/maven/plugins/maven-surefire-plugin/2.6/maven-surefire-plugin-2.6.jar:/home/hossam/.m2/repository/org/apache/maven/maven-plugin-api/2.0.9/maven-plugin-api-2.0.9.jar:/home/hossam/.m2/repository/org/apache/maven/surefire/surefire-booter/2.6/surefire-booter-2.6.jar:/home/hossam/.m2/repository/org/apache/maven/surefire/surefire-api/2.6/surefire-api-2.6.jar:/home/hossam/.m2/repository/org/apache/maven/surefire/maven-surefire-common/2.6/maven-surefire-common-2.6.jar:/home/hossam/.m2/repository/org/apache/maven/shared/maven-common-artifact-filters/1.2/maven-common-artifact-filters-1.2.jar:/home/hossam/.m2/repository/org/codehaus/plexus/plexus-utils/2.0.5/plexus-utils-2.0.5.jar:/home/hossam/.m2/repository/org/apache/maven/maven-artifact/2.0.9/maven-artifact-2.0.9.jar:/home/hossam/.m2/repository/org/apache/maven/maven-project/2.0.9/maven-project-2.0.9.jar:/home/hossam/.m2/repository/org/apache/maven/maven-settings/2.0.9/maven-settings-2.0.9.jar:/home/hossam/.m2/repository/org/apache/maven/maven-profile/2.0.9/maven-profile-2.0.9.jar:/home/hossam/.m2/repository/org/apache/maven/maven-model/2.0.9/maven-model-2.0.9.jar:/home/hossam/.m2/repository/org/apache/maven/maven-artifact-manager/2.0.9/maven-artifact-manager-2.0.9.jar:/home/hossam/.m2/repository/org/apache/maven/maven-plugin-registry/2.0.9/maven-plugin-registry-2.0.9.jar:/home/hossam/.m2/repository/org/codehaus/plexus/plexus-container-default/1.0-alpha-9-stable-1/plexus-container-default-1.0-alpha-9-stable-1.jar:/home/hossam/.m2/repository/org/apache/maven/maven-core/2.0.9/maven-core-2.0.9.jar:/home/hossam/.m2/repository/org/apache/maven/maven-plugin-parameter-documenter/2.0.9/maven-plugin-parameter-documenter-2.0.9.jar:/home/hossam/.m2/repository/org/apache/maven/reporting/maven-reporting-api/2.0.9/maven-reporting-api-2.0.9.jar:/home/hossam/.m2/repository/org/apache/maven/wagon/wagon-provider-api/1.0-beta-2/wagon-provider-api-1.0-beta-2.jar:/home/hossam/.m2/repository/org/apache/maven/maven-repository-metadata/2.0.9/maven-repository-metadata-2.0.9.jar:/home/hossam/.m2/repository/org/apache/maven/maven-error-diagnostics/2.0.9/maven-error-diagnostics-2.0.9.jar:/home/hossam/.m2/repository/org/apache/maven/maven-plugin-descriptor/2.0.9/maven-plugin-descriptor-2.0.9.jar:/home/hossam/.m2/repository/org/apache/maven/maven-monitor/2.0.9/maven-monitor-2.0.9.jar:/home/hossam/.m2/repository/classworlds/classworlds/1.1/classworlds-1.1.jar:/home/hossam/.m2/repository/org/apache/maven/maven-toolchain/2.0.9/maven-toolchain-2.0.9.jar:/home/hossam/.m2/repository/com/pearlox/com.pearlox.varaza/1.0.0.b-01/com.pearlox.varaza-1.0.0.b-01.jar:/home/hossam/.m2/repository/org/springframework/osgi/spring-osgi-io/1.2.1/spring-osgi-io-1.2.1.jar:/home/hossam/.m2/repository/org/springframework/osgi/spring-osgi-core/1.2.1/spring-osgi-core-1.2.1.jar:/home/hossam/.m2/repository/org/springframework/osgi/spring-osgi-extender/1.2.1/spring-osgi-extender-1.2.1.jar:/home/hossam/.m2/repository/org/springframework/osgi/spring-osgi-annotation/1.2.1/spring-osgi-annotation-1.2.1.jar:/home/hossam/.m2/repository/com/pearlox/com.pearlox.commons/0.0.1/com.pearlox.commons-0.0.1.jar:/home/hossam/.m2/repository/org/freemarker/com.springsource.freemarker/2.3.15/com.springsource.freemarker-2.3.15.jar:/home/hossam/.m2/repository/org/apache/activemq/com.springsource.org.apache.activemq/5.3.0/com.springsource.org.apache.activemq-5.3.0.jar:/home/hossam/.m2/repository/org/apache/activemq/com.springsource.org.apache.kahadb/5.3.0/com.springsource.org.apache.kahadb-5.3.0.jar:/home/hossam/.m2/repository/org/apache/geronimo/specs/com.springsource.javax.management.j2ee/1.0.1/com.springsource.javax.management.j2ee-1.0.1.jar:/home/hossam/.m2/repository/net/sourceforge/ezmorph/com.springsource.net.sf.ezmorph/1.0.5/com.springsource.net.sf.ezmorph-1.0.5.jar:/home/hossam/.m2/repository/javax/ws/rs/com.springsource.javax.ws.rs/1.0.0/com.springsource.javax.ws.rs-1.0.0.jar:/home/hossam/.m2/repository/org/jvnet/staxex/com.springsource.org.jvnet.staxex/1.0.0/com.springsource.org.jvnet.staxex-1.0.0.jar:/home/hossam/.m2/repository/org/mortbay/jetty/jetty/6.1.9/jetty-6.1.9.jar:/home/hossam/.m2/repository/org/mortbay/jetty/jetty-util/6.1.9/jetty-util-6.1.9.jar:/home/hossam/.m2/repository/org/mortbay/jetty/servlet-api-2.5/6.1.9/servlet-api-2.5-6.1.9.jar:/home/hossam/.m2/repository/com/sun/xml/bind/jaxb-xjc/2.1.12/jaxb-xjc-2.1.12.jar:/home/hossam/.m2/repository/com/sun/xml/bind/jaxb-impl/2.1.12/jaxb-impl-2.1.12.jar:/home/hossam/.m2/repository/org/springframework/security/org.springframework.security.core/3.0.3.RELEASE/org.springframework.security.core-3.0.3.RELEASE.jar:/home/hossam/.m2/repository/org/osgi/org.osgi.compendium/4.1.0/org.osgi.compendium-4.1.0.jar:/home/hossam/.m2/repository/org/apache/axis2/org.apache.axis2.osgi/1.5.1/org.apache.axis2.osgi-1.5.1.jar:/home/hossam/.m2/repository/org/apache/axis2/axis2-adb/1.5.1/axis2-adb-1.5.1.jar:/home/hossam/.m2/repository/org/apache/axis2/axis2-kernel/1.5.1/axis2-kernel-1.5.1.jar:/home/hossam/.m2/repository/org/apache/geronimo/specs/geronimo-jta_1.1_spec/1.1/geronimo-jta_1.1_spec-1.1.jar:/home/hossam/.m2/repository/javax/servlet/servlet-api/2.3/servlet-api-2.3.jar:/home/hossam/.m2/repository/commons-httpclient/commons-httpclient/3.1/commons-httpclient-3.1.jar:/home/hossam/.m2/repository/commons-fileupload/commons-fileupload/1.2/commons-fileupload-1.2.jar:/home/hossam/.m2/repository/org/apache/woden/woden-api/1.0M8/woden-api-1.0M8.jar:/home/hossam/.m2/repository/org/apache/ant/ant/1.7.0/ant-1.7.0.jar:/home/hossam/.m2/repository/org/apache/ant/ant-launcher/1.7.0/ant-launcher-1.7.0.jar:/home/hossam/.m2/repository/xerces/xmlParserAPIs/2.6.0/xmlParserAPIs-2.6.0.jar:/home/hossam/.m2/repository/org/apache/woden/woden-impl-dom/1.0M8/woden-impl-dom-1.0M8.jar:/home/hossam/.m2/repository/org/apache/axis2/axis2-transport-http/1.5.1/axis2-transport-http-1.5.1.jar:/home/hossam/.m2/repository/org/apache/httpcomponents/httpcore/4.0/httpcore-4.0.jar:/home/hossam/.m2/repository/org/apache/axis2/axis2-transport-local/1.5.1/axis2-transport-local-1.5.1.jar:/home/hossam/.m2/repository/org/apache/ws/commons/axiom/axiom-api/1.2.8/axiom-api-1.2.8.jar:/home/hossam/.m2/repository/org/apache/ws/commons/axiom/axiom-impl/1.2.8/axiom-impl-1.2.8.jar:/home/hossam/.m2/repository/org/apache/ws/commons/axiom/axiom-dom/1.2.8/axiom-dom-1.2.8.jar:/home/hossam/.m2/repository/javax/mail/mail/1.4/mail-1.4.jar:/home/hossam/.m2/repository/javax/activation/activation/1.1/activation-1.1.jar:/home/hossam/.m2/repository/xalan/xalan/2.7.0/xalan-2.7.0.jar:/home/hossam/.m2/repository/org/codehaus/woodstox/wstx-asl/3.2.4/wstx-asl-3.2.4.jar:/home/hossam/.m2/repository/org/apache/geronimo/specs/geronimo-stax-api_1.0_spec/1.0.1/geronimo-stax-api_1.0_spec-1.0.1.jar:/home/hossam/.m2/repository/commons-io/commons-io/1.4/commons-io-1.4.jar:/home/hossam/.m2/repository/javax/transaction/com.springsource.javax.transaction/1.1.0/com.springsource.javax.transaction-1.1.0.jar:/home/hossam/.m2/repository/org/hibernate/com.springsource.org.hibernate.ejb/3.4.0.GA/com.springsource.org.hibernate.ejb-3.4.0.GA.jar:/home/hossam/.m2/repository/org/jboss/util/com.springsource.org.jboss.util/2.0.4.GA/com.springsource.org.jboss.util-2.0.4.GA.jar:/home/hossam/.m2/repository/edu/oswego/cs/concurrent/com.springsource.edu.oswego.cs.dl.util.concurrent/1.3.4/com.springsource.edu.oswego.cs.dl.util.concurrent-1.3.4.jar:/home/hossam/.m2/repository/org/hibernate/com.springsource.org.hibernate.annotations/3.4.0.GA/com.springsource.org.hibernate.annotations-3.4.0.GA.jar:/home/hossam/.m2/repository/org/postgresql/com.springsource.org.postgresql.jdbc4/8.3.604/com.springsource.org.postgresql.jdbc4-8.3.604.jar:/home/hossam/.m2/repository/org/apache/commons/com.springsource.org.apache.commons.dbcp/1.2.2.osgi/com.springsource.org.apache.commons.dbcp-1.2.2.osgi.jar:/home/hossam/.m2/repository/org/apache/commons/com.springsource.org.apache.commons.pool/1.4.0/com.springsource.org.apache.commons.pool-1.4.0.jar:/home/hossam/.m2/repository/org/springframework/org.springframework.jdbc/3.0.3.RELEASE/org.springframework.jdbc-3.0.3.RELEASE.jar:/home/hossam/.m2/repository/org/springframework/org.springframework.orm/3.0.3.RELEASE/org.springframework.orm-3.0.3.RELEASE.jar:/home/hossam/.m2/repository/org/springframework/org.springframework.beans/3.0.3.RELEASE/org.springframework.beans-3.0.3.RELEASE.jar:/home/hossam/.m2/repository/org/springframework/org.springframework.asm/3.0.3.RELEASE/org.springframework.asm-3.0.3.RELEASE.jar:/home/hossam/.m2/repository/org/springframework/org.springframework.expression/3.0.3.RELEASE/org.springframework.expression-3.0.3.RELEASE.jar:/home/hossam/.m2/repository/org/hibernate/com.springsource.org.hibernate.search/3.1.1.GA/com.springsource.org.hibernate.search-3.1.1.GA.jar:/home/hossam/.m2/repository/org/apache/lucene/com.springsource.org.apache.lucene/2.4.1/com.springsource.org.apache.lucene-2.4.1.jar:/home/hossam/.m2/repository/org/apache/lucene/com.springsource.org.apache.lucene.search/2.4.1/com.springsource.org.apache.lucene.search-2.4.1.jar:/home/hossam/.m2/repository/org/dom4j/com.springsource.org.dom4j/1.6.1/com.springsource.org.dom4j-1.6.1.jar:/home/hossam/.m2/repository/org/hibernate/com.springsource.org.hibernate.annotations.common/3.3.0.ga/com.springsource.org.hibernate.annotations.common-3.3.0.ga.jar:/home/hossam/.m2/repository/org/hibernate/com.springsource.org.hibernate.validator/4.0.0.GA/com.springsource.org.hibernate.validator-4.0.0.GA.jar:/home/hossam/.m2/repository/org/antlr/com.springsource.antlr/2.7.7/com.springsource.antlr-2.7.7.jar:/home/hossam/.m2/repository/org/jboss/javassist/com.springsource.javassist/3.9.0.GA/com.springsource.javassist-3.9.0.GA.jar:/home/hossam/.m2/repository/org/apache/commons/com.springsource.org.apache.commons.collections/3.2.1/com.springsource.org.apache.commons.collections-3.2.1.jar:/home/hossam/.m2/repository/org/hibernate/com.springsource.org.hibernate/3.3.2.GA/com.springsource.org.hibernate-3.3.2.GA.jar:/home/hossam/.m2/repository/org/springframework/org.springframework.transaction/3.0.3.RELEASE/org.springframework.transaction-3.0.3.RELEASE.jar:/home/hossam/.m2/repository/org/springframework/org.springframework.aop/3.0.3.RELEASE/org.springframework.aop-3.0.3.RELEASE.jar:/home/hossam/.m2/repository/org/springframework/org.springframework.core/3.0.3.RELEASE/org.springframework.core-3.0.3.RELEASE.jar:/home/hossam/.m2/repository/org/springframework/org.springframework.test/3.0.3.RELEASE/org.springframework.test-3.0.3.RELEASE.jar:/home/hossam/.m2/repository/org/springframework/osgi/spring-osgi-test/1.2.1/spring-osgi-test-1.2.1.jar:/home/hossam/.m2/repository/org/junit/com.springsource.junit/3.8.2/com.springsource.junit-3.8.2.jar:/home/hossam/.m2/repository/org/aopalliance/com.springsource.org.aopalliance/1.0.0/com.springsource.org.aopalliance-1.0.0.jar:/home/hossam/.m2/repository/net/sourceforge/cglib/com.springsource.net.sf.cglib/2.2.0/com.springsource.net.sf.cglib-2.2.0.jar:/home/hossam/.m2/repository/org/objectweb/asm/com.springsource.org.objectweb.asm/1.5.3/com.springsource.org.objectweb.asm-1.5.3.jar:/home/hossam/.m2/repository/org/springframework/osgi/jasper.osgi/5.5.23-SNAPSHOT/jasper.osgi-5.5.23-SNAPSHOT.jar:/home/hossam/.m2/repository/org/springframework/osgi/jetty.start.osgi/1.0.0/jetty.start.osgi-1.0.0.jar:/home/hossam/.m2/repository/org/springframework/osgi/spring-osgi-web/1.2.1/spring-osgi-web-1.2.1.jar:/home/hossam/.m2/repository/org/springframework/osgi/spring-osgi-web-extender/1.2.1/spring-osgi-web-extender-1.2.1.jar:/home/hossam/.m2/repository/com/pearlox/osgi/spring-osgi-extender/1.2.1/spring-osgi-extender-1.2.1.jar:/home/hossam/.m2/repository/org/springframework/org.springframework.web/3.0.3.RELEASE/org.springframework.web-3.0.3.RELEASE.jar:/home/hossam/.m2/repository/org/springframework/org.springframework.web.servlet/3.0.3.RELEASE/org.springframework.web.servlet-3.0.3.RELEASE.jar:/home/hossam/.m2/repository/com/pearlox/varaza/com.pearlox.varaza.cxf.all/1.0.0/com.pearlox.varaza.cxf.all-1.0.0.jar:/home/hossam/.m2/repository/junit/junit/4.8.1/junit-4.8.1.jar:/home/hossam/.m2/repository/easymock/easymock/1.2_Java1.3/easymock-1.2_Java1.3.jar:/home/hossam/.m2/repository/org/slf4j/com.springsource.slf4j.org.apache.commons.logging/1.5.10/com.springsource.slf4j.org.apache.commons.logging-1.5.10.jar:/home/hossam/.m2/repository/org/slf4j/com.springsource.slf4j.api/1.5.10/com.springsource.slf4j.api-1.5.10.jar:/home/hossam/.m2/repository/org/slf4j/com.springsource.slf4j.log4j/1.5.10/com.springsource.slf4j.log4j-1.5.10.jar:/home/hossam/.m2/repository/org/springframework/osgi/log4j.osgi/1.2.15-SNAPSHOT/log4j.osgi-1.2.15-SNAPSHOT.jar:/home/hossam/.m2/repository/javax/xml/crypto/com.springsource.javax.xml.crypto/1.4.2/com.springsource.javax.xml.crypto-1.4.2.jar:/home/hossam/.m2/repository/com/springsource/bundlor/com.springsource.bundlor/1.0.0.RELEASE/com.springsource.bundlor-1.0.0.RELEASE.jar:/home/hossam/.m2/repository/org/objectweb/asm/com.springsource.org.objectweb.asm.tree/3.1.0/com.springsource.org.objectweb.asm.tree-3.1.0.jar:/home/hossam/.m2/repository/org/objectweb/asm/com.springsource.org.objectweb.asm.commons/3.1.0/com.springsource.org.objectweb.asm.commons-3.1.0.jar:/home/hossam/.m2/repository/org/osgi/org.osgi.core/4.1.0/org.osgi.core-4.1.0.jar:/home/hossam/.m2/repository/com/springsource/util/com.springsource.util.common/2.0.0.RELEASE/com.springsource.util.common-2.0.0.RELEASE.jar:/home/hossam/.m2/repository/com/springsource/util/com.springsource.util.math/2.0.0.RELEASE/com.springsource.util.math-2.0.0.RELEASE.jar:/home/hossam/.m2/repository/com/springsource/util/com.springsource.util.osgi/2.0.0.RELEASE/com.springsource.util.osgi-2.0.0.RELEASE.jar:/home/hossam/.m2/repository/com/springsource/util/com.springsource.util.parser.manifest/2.0.0.RELEASE/com.springsource.util.parser.manifest-2.0.0.RELEASE.jar:/home/hossam/.m2/repository/javax/servlet/com.springsource.javax.servlet/2.5.0/com.springsource.javax.servlet-2.5.0.jar:/home/hossam/.m2/repository/javax/servlet/com.springsource.javax.servlet.jsp/2.1.0/com.springsource.javax.servlet.jsp-2.1.0.jar:/home/hossam/.m2/repository/org/apache/taglibs/com.springsource.org.apache.taglibs.standard/1.1.2/com.springsource.org.apache.taglibs.standard-1.1.2.jar:/home/hossam/.m2/repository/org/apache/commons/com.springsource.org.apache.commons.el/1.0.0/com.springsource.org.apache.commons.el-1.0.0.jar:/home/hossam/.m2/repository/org/apache/catalina/com.springsource.org.apache.catalina/6.0.18/com.springsource.org.apache.catalina-6.0.18.jar:/home/hossam/.m2/repository/org/apache/juli/com.springsource.org.apache.juli.extras/6.0.18/com.springsource.org.apache.juli.extras-6.0.18.jar:/home/hossam/.m2/repository/org/apache/coyote/com.springsource.org.apache.coyote/6.0.18/com.springsource.org.apache.coyote-6.0.18.jar:/home/hossam/.m2/repository/javax/activation/com.springsource.javax.activation/1.1.1/com.springsource.javax.activation-1.1.1.jar:/home/hossam/.m2/repository/javax/xml/soap/com.springsource.javax.xml.soap/1.3.0/com.springsource.javax.xml.soap-1.3.0.jar:/home/hossam/.m2/repository/javax/xml/rpc/com.springsource.javax.xml.rpc/1.1.0/com.springsource.javax.xml.rpc-1.1.0.jar:/home/hossam/.m2/repository/javax/ejb/com.springsource.javax.ejb/3.0.0/com.springsource.javax.ejb-3.0.0.jar:/home/hossam/.m2/repository/javax/persistence/com.springsource.javax.persistence/1.0.0/com.springsource.javax.persistence-1.0.0.jar:/home/hossam/.m2/repository/javax/xml/ws/com.springsource.javax.xml.ws/2.1.1/com.springsource.javax.xml.ws-2.1.1.jar:/home/hossam/.m2/repository/javax/xml/bind/com.springsource.javax.xml.bind/2.2.0/com.springsource.javax.xml.bind-2.2.0.jar:/home/hossam/.m2/repository/org/apache/commons/com.springsource.org.apache.commons.lang/2.4.0/com.springsource.org.apache.commons.lang-2.4.0.jar:/home/hossam/.m2/repository/javax/xml/stream/com.springsource.javax.xml.stream/1.0.1/com.springsource.javax.xml.stream-1.0.1.jar:/home/hossam/.m2/repository/javax/el/com.springsource.javax.el/1.0.0/com.springsource.javax.el-1.0.0.jar:/home/hossam/.m2/repository/javax/jws/com.springsource.javax.jws/2.0.0/com.springsource.javax.jws-2.0.0.jar:/home/hossam/.m2/repository/javax/servlet/com.springsource.javax.servlet.jsp.jstl/1.1.2/com.springsource.javax.servlet.jsp.jstl-1.1.2.jar:/home/hossam/.m2/repository/javax/annotation/com.springsource.javax.annotation/1.0.0/com.springsource.javax.annotation-1.0.0.jar:/home/hossam/.m2/repository/org/apache/xmlcommons/com.springsource.org.apache.xmlcommons/1.3.4/com.springsource.org.apache.xmlcommons-1.3.4.jar:/home/hossam/.m2/repository/javax/wsdl/com.springsource.javax.wsdl/1.6.1/com.springsource.javax.wsdl-1.6.1.jar:/home/hossam/.m2/repository/org/apache/axis/com.springsource.org.apache.axis/1.4.0/com.springsource.org.apache.axis-1.4.0.jar:/home/hossam/.m2/repository/javax/jms/com.springsource.javax.jms/1.1.0/com.springsource.javax.jms-1.1.0.jar:/home/hossam/.m2/repository/org/springframework/org.springframework.jms/3.0.3.RELEASE/org.springframework.jms-3.0.3.RELEASE.jar:/home/hossam/.m2/repository/javax/validation/com.springsource.javax.validation/1.0.0.GA/com.springsource.javax.validation-1.0.0.GA.jar:/home/hossam/.m2/repository/org/apache/xml/com.springsource.org.apache.xml.resolver/1.2.0/com.springsource.org.apache.xml.resolver-1.2.0.jar:/home/hossam/.m2/repository/org/apache/xerces/com.springsource.org.apache.xerces/2.9.1/com.springsource.org.apache.xerces-2.9.1.jar:/home/hossam/.m2/repository/org/apache/xalan/com.springsource.org.apache.xml.serializer/2.7.1/com.springsource.org.apache.xml.serializer-2.7.1.jar:/home/hossam/.m2/repository/org/apache/xalan/com.springsource.org.apache.xalan/2.7.1/com.springsource.org.apache.xalan-2.7.1.jar:/home/hossam/.m2/repository/org/apache/bcel/com.springsource.org.apache.bcel/5.1.0/com.springsource.org.apache.bcel-5.1.0.jar:/home/hossam/.m2/repository/org/apache/regexp/com.springsource.org.apache.regexp/1.5.0/com.springsource.org.apache.regexp-1.5.0.jar:/home/hossam/.m2/repository/org/apache/xbean/com.springsource.org.apache.xbean.spring/3.6.0/com.springsource.org.apache.xbean.spring-3.6.0.jar:/home/hossam/.m2/repository/org/springframework/security/org.springframework.security.config/3.0.3.RELEASE/org.springframework.security.config-3.0.3.RELEASE.jar:/home/hossam/.m2/repository/org/apache/commons/com.springsource.org.apache.commons.discovery/0.4.0/com.springsource.org.apache.commons.discovery-0.4.0.jar:/home/hossam/.m2/repository/org/apache/commons/com.springsource.org.apache.commons.logging/1.1.1/com.springsource.org.apache.commons.logging-1.1.1.jar:/home/hossam/.m2/repository/org/apache/commons/com.springsource.org.apache.commons.httpclient/3.1.0/com.springsource.org.apache.commons.httpclient-3.1.0.jar:/home/hossam/.m2/repository/org/apache/commons/com.springsource.org.apache.commons.codec/1.4.0/com.springsource.org.apache.commons.codec-1.4.0.jar:/home/hossam/.m2/repository/org/apache/commons/com.springsource.org.apache.commons.net/1.4.1/com.springsource.org.apache.commons.net-1.4.1.jar:/home/hossam/.m2/repository/org/opensaml/com.springsource.org.opensaml/1.1.0/com.springsource.org.opensaml-1.1.0.jar:/home/hossam/.m2/repository/org/apache/xml/com.springsource.org.apache.xml.security/1.0.5.D2/com.springsource.org.apache.xml.security-1.0.5.D2.jar:/home/hossam/.m2/repository/org/apache/log4j/com.springsource.org.apache.log4j/1.2.15/com.springsource.org.apache.log4j-1.2.15.jar:/home/hossam/.m2/repository/net/sourceforge/json/com.springsource.net.sf.json/2.2.2/com.springsource.net.sf.json-2.2.2.jar:/home/hossam/.m2/repository/org/apache/commons/com.springsource.org.apache.commons.beanutils/1.8.0/com.springsource.org.apache.commons.beanutils-1.8.0.jar:/home/hossam/.m2/repository/org/springframework/osgi/org.springframework.osgi.extensions.annotation/1.2.1/org.springframework.osgi.extensions.annotation-1.2.1.jar:/home/hossam/.m2/repository/org/springframework/osgi/org.springframework.osgi.core/1.2.1/org.springframework.osgi.core-1.2.1.jar:/home/hossam/.m2/repository/org/springframework/osgi/org.springframework.osgi.io/1.2.1/org.springframework.osgi.io-1.2.1.jar:/home/hossam/.m2/repository/org/springframework/osgi/org.springframework.osgi.extender/1.2.1/org.springframework.osgi.extender-1.2.1.jar:/home/hossam/.m2/repository/com/omlulu/recaptcha4j/com.omlulu.recaptcha4j/0.0.7/com.omlulu.recaptcha4j-0.0.7.jar:/home/hossam/.m2/repository/com/sun/syndication/com.springsource.com.sun.syndication/0.9.0/com.springsource.com.sun.syndication-0.9.0.jar:/home/hossam/.m2/repository/org/jdom/com.springsource.org.jdom/1.1.0/com.springsource.org.jdom-1.1.0.jar:/home/hossam/.m2/repository/org/apache/cxf/cxf-rt-core/2.2.5/cxf-rt-core-2.2.5.jar:/home/hossam/.m2/repository/org/apache/cxf/cxf-api/2.2.5/cxf-api-2.2.5.jar:/home/hossam/.m2/repository/org/apache/cxf/cxf-common-schemas/2.2.5/cxf-common-schemas-2.2.5.jar:/home/hossam/.m2/repository/org/apache/ws/commons/schema/XmlSchema/1.4.5/XmlSchema-1.4.5.jar:/home/hossam/.m2/repository/org/apache/geronimo/specs/geronimo-javamail_1.4_spec/1.6/geronimo-javamail_1.4_spec-1.6.jar:/home/hossam/.m2/repository/org/apache/cxf/cxf-rt-frontend-simple/2.2.5/cxf-rt-frontend-simple-2.2.5.jar:/home/hossam/.m2/repository/org/apache/cxf/cxf-rt-bindings-soap/2.2.5/cxf-rt-bindings-soap-2.2.5.jar:/home/hossam/.m2/repository/org/apache/cxf/cxf-tools-common/2.2.5/cxf-tools-common-2.2.5.jar:/home/hossam/.m2/repository/org/apache/cxf/cxf-rt-databinding-jaxb/2.2.5/cxf-rt-databinding-jaxb-2.2.5.jar:/home/hossam/.m2/repository/org/apache/cxf/cxf-rt-frontend-jaxws/2.2.5/cxf-rt-frontend-jaxws-2.2.5.jar:/home/hossam/.m2/repository/xml-resolver/xml-resolver/1.2/xml-resolver-1.2.jar:/home/hossam/.m2/repository/org/apache/geronimo/specs/geronimo-jaxws_2.1_spec/1.0/geronimo-jaxws_2.1_spec-1.0.jar:/home/hossam/.m2/repository/org/apache/geronimo/specs/geronimo-ws-metadata_2.0_spec/1.1.2/geronimo-ws-metadata_2.0_spec-1.1.2.jar:/home/hossam/.m2/repository/org/apache/cxf/cxf-rt-bindings-xml/2.2.5/cxf-rt-bindings-xml-2.2.5.jar:/home/hossam/.m2/repository/org/apache/cxf/cxf-rt-ws-addr/2.2.5/cxf-rt-ws-addr-2.2.5.jar:/home/hossam/.m2/repository/javax/xml/soap/saaj-api/1.3/saaj-api-1.3.jar:/home/hossam/.m2/repository/com/sun/xml/messaging/saaj/saaj-impl/1.3.2/saaj-impl-1.3.2.jar:/home/hossam/.m2/repository/org/apache/cxf/cxf-rt-databinding-aegis/2.2.5/cxf-rt-databinding-aegis-2.2.5.jar:/home/hossam/.m2/repository/org/apache/cxf/cxf-rt-transports-local/2.2.5/cxf-rt-transports-local-2.2.5.jar:/home/hossam/.m2/repository/org/apache/cxf/cxf-rt-transports-http/2.2.5/cxf-rt-transports-http-2.2.5.jar:/home/hossam/.m2/repository/org/apache/cxf/cxf-rt-transports-http-jetty/2.2.5/cxf-rt-transports-http-jetty-2.2.5.jar:/home/hossam/.m2/repository/org/slf4j/slf4j-jdk14/1.5.8/slf4j-jdk14-1.5.8.jar:/home/hossam/.m2/repository/org/slf4j/slf4j-api/1.5.8/slf4j-api-1.5.8.jar:/home/hossam/.m2/repository/org/apache/geronimo/specs/geronimo-servlet_2.5_spec/1.2/geronimo-servlet_2.5_spec-1.2.jar:/home/hossam/.m2/repository/org/apache/cxf/cxf-rt-transports-jms/2.2.5/cxf-rt-transports-jms-2.2.5.jar:/home/hossam/.m2/repository/org/apache/geronimo/specs/geronimo-jms_1.1_spec/1.1.1/geronimo-jms_1.1_spec-1.1.1.jar:/home/hossam/.m2/repository/commons-pool/commons-pool/1.5.2/commons-pool-1.5.2.jar:/home/hossam/.m2/repository/org/springframework/spring-jms/2.5.5/spring-jms-2.5.5.jar:/home/hossam/.m2/repository/org/springframework/spring-context-support/2.5.5/spring-context-support-2.5.5.jar:/home/hossam/.m2/repository/org/apache/cxf/cxf-rt-management/2.2.5/cxf-rt-management-2.2.5.jar:/home/hossam/.m2/repository/org/apache/cxf/cxf-common-utilities/2.2.5/cxf-common-utilities-2.2.5.jar:/home/hossam/.m2/repository/org/apache/geronimo/specs/geronimo-annotation_1.0_spec/1.1.1/geronimo-annotation_1.0_spec-1.1.1.jar:/home/hossam/.m2/repository/javax/xml/bind/jaxb-api/2.1/jaxb-api-2.1.jar:/home/hossam/.m2/repository/wsdl4j/wsdl4j/1.6.2/wsdl4j-1.6.2.jar:/home/hossam/.m2/repository/commons-lang/commons-lang/2.4/commons-lang-2.4.jar:/home/hossam/.m2/repository/org/apache/cxf/cxf-bundle-minimal/2.2.5/cxf-bundle-minimal-2.2.5.jar:/home/hossam/.m2/repository/commons-logging/commons-logging/1.1.1/commons-logging-1.1.1.jar:/home/hossam/.m2/repository/aopalliance/aopalliance/1.0/aopalliance-1.0.jar:/home/hossam/.m2/repository/org/apache/geronimo/specs/geronimo-activation_1.1_spec/1.0.2/geronimo-activation_1.1_spec-1.0.2.jar:/home/hossam/.m2/repository/org/apache/neethi/neethi/2.0.4/neethi-2.0.4.jar:/home/hossam/.m2/repository/org/springframework/spring-tx/2.5.5/spring-tx-2.5.5.jar:/home/hossam/.m2/repository/org/apache/xmlbeans/xmlbeans/2.4.0/xmlbeans-2.4.0.jar:/home/hossam/.m2/repository/org/apache/ws/security/wss4j/1.5.8/wss4j-1.5.8.jar:/home/hossam/.m2/repository/org/apache/santuario/xmlsec/1.4.3/xmlsec-1.4.3.jar:/home/hossam/.m2/repository/xalan/serializer/2.7.1/serializer-2.7.1.jar:/home/hossam/.m2/repository/org/bouncycastle/bcprov-jdk15/1.43/bcprov-jdk15-1.43.jar:/home/hossam/.m2/repository/javax/ws/rs/jsr311-api/1.0/jsr311-api-1.0.jar:/home/hossam/.m2/repository/org/apache/abdera/abdera-core/0.4.0-incubating/abdera-core-0.4.0-incubating.jar:/home/hossam/.m2/repository/org/apache/abdera/abdera-i18n/0.4.0-incubating/abdera-i18n-0.4.0-incubating.jar:/home/hossam/.m2/repository/commons-codec/commons-codec/1.3/commons-codec-1.3.jar:/home/hossam/.m2/repository/org/apache/abdera/abdera-parser/0.4.0-incubating/abdera-parser-0.4.0-incubating.jar:/home/hossam/.m2/repository/jaxen/jaxen/1.1/jaxen-1.1.jar:/home/hossam/.m2/repository/xml-apis/xml-apis/1.3.02/xml-apis-1.3.02.jar:/home/hossam/.m2/repository/xerces/xercesImpl/2.6.2/xercesImpl-2.6.2.jar:/home/hossam/.m2/repository/xom/xom/1.0/xom-1.0.jar:/home/hossam/.m2/repository/com/ibm/icu/icu4j/2.6.1/icu4j-2.6.1.jar:/home/hossam/.m2/repository/org/apache/abdera/abdera-extensions-json/0.4.0-incubating/abdera-extensions-json-0.4.0-incubating.jar:/home/hossam/.m2/repository/org/apache/abdera/abdera-extensions-main/0.4.0-incubating/abdera-extensions-main-0.4.0-incubating.jar:/home/hossam/.m2/repository/org/codehaus/jettison/jettison/1.1/jettison-1.1.jar:/home/hossam/.m2/repository/org/apache/cxf/dosgi/cxf-dosgi-ri-discovery-local/1.1/cxf-dosgi-ri-discovery-local-1.1.jar:/home/hossam/.m2/repository/org/apache/felix/org.apache.felix.framework/1.8.0/org.apache.felix.framework-1.8.0.jar:/home/hossam/.m2/repository/org/apache/felix/org.osgi.core/1.2.0/org.osgi.core-1.2.0.jar:/home/hossam/.m2/repository/org/apache/felix/org.osgi.compendium/1.2.0/org.osgi.compendium-1.2.0.jar:/home/hossam/.m2/repository/org/apache/cxf/dosgi/cxf-dosgi-ri-dsw-cxf/1.1/cxf-dosgi-ri-dsw-cxf-1.1.jar:/home/hossam/.m2/repository/org/springframework/social/spring-social-core/1.0.0.M2/spring-social-core-1.0.0.M2.jar:/home/hossam/.m2/repository/org/scribe/scribe/1.0.6/scribe-1.0.6.jar:/home/hossam/.m2/repository/org/codehaus/spring-security-oauth/spring-security-oauth/3.19.SS3/spring-security-oauth-3.19.SS3.jar:/home/hossam/.m2/repository/org/springframework/spring-beans/3.0.1.RELEASE/spring-beans-3.0.1.RELEASE.jar:/home/hossam/.m2/repository/org/springframework/spring-core/3.0.1.RELEASE/spring-core-3.0.1.RELEASE.jar:/home/hossam/.m2/repository/org/springframework/spring-asm/3.0.1.RELEASE/spring-asm-3.0.1.RELEASE.jar:/home/hossam/.m2/repository/org/springframework/spring-context/3.0.1.RELEASE/spring-context-3.0.1.RELEASE.jar:/home/hossam/.m2/repository/org/springframework/spring-expression/3.0.1.RELEASE/spring-expression-3.0.1.RELEASE.jar:/home/hossam/.m2/repository/org/springframework/spring-aop/3.0.1.RELEASE/spring-aop-3.0.1.RELEASE.jar:/home/hossam/.m2/repository/org/springframework/security/spring-security-core/3.0.2.RELEASE/spring-security-core-3.0.2.RELEASE.jar:/home/hossam/.m2/repository/org/aspectj/aspectjrt/1.6.8/aspectjrt-1.6.8.jar:/home/hossam/.m2/repository/org/aspectj/aspectjweaver/1.6.8/aspectjweaver-1.6.8.jar:/home/hossam/.m2/repository/org/springframework/security/spring-security-config/3.0.2.RELEASE/spring-security-config-3.0.2.RELEASE.jar:/home/hossam/.m2/repository/org/springframework/security/spring-security-web/3.0.2.RELEASE/spring-security-web-3.0.2.RELEASE.jar:/home/hossam/.m2/repository/org/springframework/spring-web/3.0.1.RELEASE/spring-web-3.0.1.RELEASE.jar:/home/hossam/.m2/repository/org/springframework/security/spring-security-crypto/3.1.0.RC3/spring-security-crypto-3.1.0.RC3.jar:/home/hossam/.m2/repository/javax/inject/com.springsource.javax.inject/1.0.0/com.springsource.javax.inject-1.0.0.jar:/home/hossam/.m2/repository/org/springframework/social/spring-social-twitter/1.0.0.M2/spring-social-twitter-1.0.0.M2.jar:/home/hossam/.m2/repository/org/springframework/social/spring-social-linkedin/1.0.0.M2/spring-social-linkedin-1.0.0.M2.jar:/home/hossam/.m2/repository/org/springframework/social/spring-social-facebook/1.0.0.M2/spring-social-facebook-1.0.0.M2.jar:/home/hossam/.m2/repository/org/springframework/social/spring-social-web/1.0.0.M2/spring-social-web-1.0.0.M2.jar:/home/hossam/.m2/repository/com/siliconnile/security/com.siliconnile.security.ws.user.api/1.0-SNAPSHOT/com.siliconnile.security.ws.user.api-1.0-SNAPSHOT.jar:/home/hossam/.m2/repository/org/springframework/security/oauth/spring-security-oauth/1.0.0.SILICON-NILE/spring-security-oauth-1.0.0.SILICON-NILE.jar:/home/hossam/.m2/repository/com/siliconnile/communicationservice/com.siliconnile.communicationservice.ws-email-api/0.0.1/com.siliconnile.communicationservice.ws-email-api-0.0.1.jar:/home/hossam/.m2/repository/org/springframework/osgi/spring-osgi-mock/1.2.1/spring-osgi-mock-1.2.1.jar:/home/hossam/.m2/repository/com/pearlox/messaging/com.pearlox.messaging.base/0.0.2/com.pearlox.messaging.base-0.0.2.jar:/home/hossam/.m2/repository/com/pearlox/messaging/com.pearlox.messaging.mail/0.0.2/com.pearlox.messaging.mail-0.0.2.jar:/home/hossam/.m2/repository/com/siliconnile/communicationservice/com.siliconnile.communicationservice.dto/0.0.1/com.siliconnile.communicationservice.dto-0.0.1.jar:/home/hossam/.m2/repository/com/siliconnile/security/com.siliconnile.security.dto/1.0-SNAPSHOT/com.siliconnile.security.dto-1.0-SNAPSHOT.jar:/home/hossam/.m2/repository/com/sun/xml/com.springsource.com.sun.xml.bind.jaxb1/2.1.7/com.springsource.com.sun.xml.bind.jaxb1-2.1.7.jar:/home/hossam/.m2/repository/com/sun/msv/com.springsource.com.sun.msv.datatype/0.0.0.20041122/com.springsource.com.sun.msv.datatype-0.0.0.20041122.jar:/home/hossam/.m2/repository/org/relaxng/com.springsource.org.relaxng.datatype/1.0.0/com.springsource.org.relaxng.datatype-1.0.0.jar:/home/hossam/.m2/repository/com/sun/xml/com.springsource.com.sun.xml.bind/2.1.7/com.springsource.com.sun.xml.bind-2.1.7.jar:/home/hossam/.m2/repository/com/sun/xml/com.springsource.com.sun.xml.fastinfoset/1.2.2/com.springsource.com.sun.xml.fastinfoset-1.2.2.jar:/home/hossam/.m2/repository/com/siliconnile/security/com.siliconnile.security.client/1.0-SNAPSHOT/com.siliconnile.security.client-1.0-SNAPSHOT.jar:/home/hossam/.m2/repository/org/apache/httpcomponents/com.springsource.org.apache.httpcomponents.httpclient/4.1.1/com.springsource.org.apache.httpcomponents.httpclient-4.1.1.jar:/home/hossam/.m2/repository/org/apache/httpcomponents/com.springsource.org.apache.httpcomponents.httpcore/4.1/com.springsource.org.apache.httpcomponents.httpcore-4.1.jar:/home/hossam/.m2/repository/org/springframework/osgi/jetty.web.extender.fragment.osgi/1.0.1/jetty.web.extender.fragment.osgi-1.0.1.jar:/home/hossam/.m2/repository/org/eclipse/osgi/org.eclipse.osgi/3.5.100.v20090629/org.eclipse.osgi-3.5.100.v20090629.jar:/home/hossam/.m2/repository/org/eclipse/equinox/event/1.0.100-v20070516/event-1.0.100-v20070516.jar:"/>
    <property name="java.vm.specification.version" value="1.0"/>
    <property name="sun.arch.data.model" value="32"/>
    <property name="java.home" value="/usr/lib/jvm/jdk1.6.0_21/jre"/>
    <property name="java.specification.vendor" value="Sun Microsystems Inc."/>
    <property name="user.language" value="en"/>
    <property name="java.vm.info" value="mixed mode"/>
    <property name="java.version" value="1.6.0_21"/>
    <property name="java.ext.dirs" value="/usr/lib/jvm/jdk1.6.0_21/jre/lib/ext:/usr/java/packages/lib/ext"/>
    <property name="sun.boot.class.path" value="/usr/lib/jvm/jdk1.6.0_21/jre/lib/resources.jar:/usr/lib/jvm/jdk1.6.0_21/jre/lib/rt.jar:/usr/lib/jvm/jdk1.6.0_21/jre/lib/sunrsasign.jar:/usr/lib/jvm/jdk1.6.0_21/jre/lib/jsse.jar:/usr/lib/jvm/jdk1.6.0_21/jre/lib/jce.jar:/usr/lib/jvm/jdk1.6.0_21/jre/lib/charsets.jar:/usr/lib/jvm/jdk1.6.0_21/jre/classes"/>
    <property name="java.vendor" value="Sun Microsystems Inc."/>
    <property name="localRepository" value="/home/hossam/.m2/repository"/>
    <property name="file.separator" value="/"/>
    <property name="java.vendor.url.bug" value="http://java.sun.com/cgi-bin/bugreport.cgi"/>
    <property name="sun.cpu.endian" value="little"/>
    <property name="sun.io.unicode.encoding" value="UnicodeLittle"/>
    <property name="sun.desktop" value="gnome"/>
    <property name="sun.cpu.isalist" value=""/>
  </properties>
  <testcase time="3.392" classname="com.siliconarabia.okarabiacomments.comment.test.commentWebServiceTest" name="postCommentTest"/>
  <testcase time="0.011" classname="com.siliconarabia.okarabiacomments.comment.test.commentWebServiceTest" name="getUserCommentsTest"/>
  <testcase time="0.037" classname="com.siliconarabia.okarabiacomments.comment.test.commentWebServiceTest" name="postSubCommentTest"/>
</testsuite>