<?xml version="1.0" encoding="UTF-8"?>
<beans xmlns="http://www.springframework.org/schema/beans"
	xmlns:xsi="http://www.w3.org/2001/XMLSchema-instance"
	xmlns:context="http://www.springframework.org/schema/context"
	xmlns:tx="http://www.springframework.org/schema/tx"
	xsi:schemaLocation="
	http://www.springframework.org/schema/beans http://www.springframework.org/schema/beans/spring-beans-2.5.xsd
       http://www.springframework.org/schema/context http://www.springframework.org/schema/context/spring-context-2.5.xsd
       http://cxf.apache.org/core http://cxf.apache.org/schemas/core.xsd
       http://cxf.apache.org/jaxws http://cxf.apache.org/schemas/jaxws.xsd
       http://cxf.apache.org/jaxrs http://cxf.apache.org/schemas/jaxrs.xsd
       http://www.springframework.org/schema/tx  http://www.springframework.org/schema/tx/spring-tx.xsd
       http://www.springframework.org/schema/aop http://www.springframework.org/schema/aop/spring-aop-2.5.xsd
       http://www.springframework.org/schema/osgi http://www.springframework.org/schema/osgi/spring-osgi.xsd">

	<context:component-scan base-package="com.siliconarabia.okarabiacomments" />

	<bean id="commentWebService" class="com.siliconarabia.okarabiacomments.ws.comment.impl.CommentWebServiceImpl"></bean>
	<bean id="userWebService" class="com.siliconarabia.okarabiacomments.ws.user.impl.UserWebServiceImpl"></bean>
	<bean id="ms"
		class="org.springframework.context.support.ReloadableResourceBundleMessageSource">
		<property name="basenames">
			<list>
				<value>classpath:com/pearlox/app_settings</value>
			</list>
		</property>
		<property name="defaultEncoding" value="UTF-8" />
	</bean>

	<bean id="applicationSettings"
		class="com.siliconarabia.okarabiacomments.comment.test.StubMessageSourceSettingsImpl">
		<property name="messageSource" ref="ms" />
		<property name="overridedSettings">
			<map>
				<entry key="index.startup.rebuild" value="false" />
			</map>
		</property>
	</bean>

</beans>
